\BOOKMARK [1][-]{section*.1}{\376\377\000I\000n\000t\000r\000o\000d\000u\000c\000t\000i\000o\000n\000\040\000a\000n\000d\000\040\000O\000v\000e\000r\000v\000i\000e\000w}{}
\BOOKMARK [1][-]{section*.2}{\376\377\000H\000i\000g\000h\000e\000r\000-\000L\000e\000v\000e\000l\000-\000S\000y\000n\000t\000h\000e\000s\000i\000s}{}
\BOOKMARK [2][-]{section*.3}{\376\377\000M\000u\000l\000t\000i\000-\000P\000r\000o\000c\000e\000s\000s\000-\000A\000r\000c\000h\000i\000t\000e\000c\000t\000u\000r\000e}{section*.2}
\BOOKMARK [2][-]{section*.4}{\376\377\000S\000c\000h\000e\000d\000u\000l\000i\000n\000g\000\040\000\046\000\040\000A\000l\000l\000o\000c\000a\000t\000i\000o\000n}{section*.2}
\BOOKMARK [2][-]{section*.5}{\376\377\000R\000u\000l\000e\000\040\000B\000a\000s\000e\000d\000\040\000S\000c\000h\000e\000d\000u\000l\000i\000n\000g}{section*.2}
\BOOKMARK [1][-]{section*.6}{\376\377\000L\000a\000n\000g\000u\000a\000g\000e\000\040\000S\000p\000e\000c\000i\000f\000i\000c\000a\000t\000i\000o\000n}{}
\BOOKMARK [2][-]{section*.7}{\376\377\000I\000n\000t\000r\000o\000d\000u\000c\000t\000i\000o\000n}{section*.6}
\BOOKMARK [2][-]{section*.8}{\376\377\000M\000o\000d\000u\000l\000e\000s\000\040\000a\000n\000d\000\040\000P\000r\000o\000c\000e\000s\000s\000e\000s}{section*.6}
\BOOKMARK [3][-]{section*.9}{\376\377\000B\000e\000h\000a\000v\000i\000o\000u\000r\000a\000l\000\040\000M\000o\000d\000u\000l\000e\000s}{section*.8}
\BOOKMARK [3][-]{section*.10}{\376\377\000A\000b\000s\000t\000r\000a\000c\000t\000\040\000O\000b\000j\000e\000c\000t\000\040\000M\000o\000d\000u\000l\000e\000s}{section*.8}
\BOOKMARK [3][-]{section*.11}{\376\377\000S\000t\000r\000u\000c\000t\000u\000r\000a\000l\000\040\000M\000o\000d\000u\000l\000e\000s}{section*.8}
\BOOKMARK [3][-]{section*.12}{\376\377\000P\000r\000o\000c\000e\000s\000s\000e\000s}{section*.8}
\BOOKMARK [2][-]{section*.13}{\376\377\000B\000l\000o\000c\000k\000\040\000S\000t\000r\000u\000c\000t\000u\000r\000e\000s}{section*.6}
\BOOKMARK [2][-]{section*.14}{\376\377\000D\000a\000t\000a\000\040\000O\000b\000j\000e\000c\000t\000s\000\040\000a\000n\000d\000\040\000D\000a\000t\000a\000\040\000T\000y\000p\000e\000s}{section*.6}
\BOOKMARK [3][-]{section*.15}{\376\377\000S\000h\000a\000r\000e\000d\000\040\000O\000b\000j\000e\000c\000t\000s\000\040\000a\000n\000d\000\040\000S\000c\000h\000e\000d\000u\000l\000e\000r}{section*.14}
\BOOKMARK [3][-]{section*.16}{\376\377\000R\000e\000g\000i\000s\000t\000e\000r\000s}{section*.14}
\BOOKMARK [3][-]{section*.17}{\376\377\000V\000a\000r\000i\000a\000b\000l\000e\000s}{section*.14}
\BOOKMARK [3][-]{section*.18}{\376\377\000S\000i\000g\000n\000a\000l\000s}{section*.14}
\BOOKMARK [2][-]{section*.19}{\376\377\000E\000x\000p\000r\000e\000s\000s\000i\000o\000n\000s\000\040\000a\000n\000d\000\040\000A\000s\000s\000i\000g\000n\000m\000e\000n\000t\000s}{section*.6}
\BOOKMARK [2][-]{section*.20}{\376\377\000T\000y\000p\000e\000s}{section*.6}
\BOOKMARK [3][-]{section*.21}{\376\377\000D\000a\000t\000a\000\040\000O\000b\000j\000e\000c\000t\000\040\000T\000y\000p\000e\000s}{section*.20}
\BOOKMARK [3][-]{section*.22}{\376\377\000D\000a\000t\000a\000\040\000T\000y\000p\000e\000s}{section*.20}
\BOOKMARK [3][-]{section*.23}{\376\377\000A\000b\000s\000t\000r\000a\000c\000t\000\040\000D\000a\000t\000a\000\040\000O\000b\000j\000e\000c\000t\000\040\000T\000y\000p\000e\000s}{section*.20}
\BOOKMARK [3][-]{section*.24}{\376\377\000P\000r\000o\000d\000u\000c\000t\000\040\000T\000y\000p\000e\000s\000:\000\040\000A\000r\000r\000a\000y}{section*.20}
\BOOKMARK [3][-]{section*.25}{\376\377\000P\000r\000o\000d\000u\000c\000t\000\040\000T\000y\000p\000e\000s\000:\000\040\000S\000t\000r\000u\000c\000t\000u\000r\000e}{section*.20}
\BOOKMARK [3][-]{section*.26}{\376\377\000S\000u\000m\000\040\000T\000y\000p\000e\000s\000:\000\040\000E\000n\000u\000m\000e\000r\000a\000t\000i\000o\000n}{section*.20}
\BOOKMARK [3][-]{section*.27}{\376\377\000E\000x\000c\000e\000p\000t\000i\000o\000n\000s}{section*.20}
\BOOKMARK [2][-]{section*.28}{\376\377\000C\000o\000n\000t\000r\000o\000l\000\040\000S\000t\000a\000t\000e\000m\000e\000n\000t\000s}{section*.6}
\BOOKMARK [3][-]{section*.29}{\376\377\000C\000o\000u\000n\000t\000i\000n\000g\000\040\000f\000o\000r\000-\000L\000o\000o\000p}{section*.28}
\BOOKMARK [3][-]{section*.30}{\376\377\000C\000o\000n\000d\000i\000t\000i\000o\000n\000a\000l\000\040\000w\000h\000i\000l\000e\000-\000L\000o\000o\000p}{section*.28}
\BOOKMARK [3][-]{section*.31}{\376\377\000E\000n\000d\000l\000e\000s\000s\000\040\000a\000l\000w\000a\000y\000s\000-\000L\000o\000o\000p}{section*.28}
\BOOKMARK [3][-]{section*.32}{\376\377\000B\000l\000o\000c\000k\000i\000n\000g\000\040\000w\000a\000i\000t\000-\000f\000o\000r\000-\000L\000o\000o\000p}{section*.28}
\BOOKMARK [3][-]{section*.33}{\376\377\000C\000o\000n\000d\000i\000t\000i\000o\000n\000a\000l\000\040\000i\000f\000-\000e\000l\000s\000e\000-\000B\000r\000a\000n\000c\000h}{section*.28}
\BOOKMARK [3][-]{section*.34}{\376\377\000M\000u\000l\000t\000i\000c\000a\000s\000e\000\040\000m\000a\000t\000c\000h\000-\000B\000r\000a\000n\000c\000h}{section*.28}
\BOOKMARK [3][-]{section*.35}{\376\377\000E\000x\000c\000e\000p\000t\000i\000o\000n\000\040\000H\000a\000n\000d\000l\000e\000r}{section*.28}
\BOOKMARK [2][-]{section*.36}{\376\377\000F\000u\000n\000c\000t\000i\000o\000n\000s}{section*.6}
\BOOKMARK [2][-]{section*.37}{\376\377\000I\000/\000O\000:\000\040\000H\000a\000r\000d\000w\000a\000r\000e\000\040\000P\000o\000r\000t\000\040\000I\000n\000t\000e\000r\000f\000a\000c\000e}{section*.6}
\BOOKMARK [3][-]{section*.38}{\376\377\000C\000o\000m\000p\000o\000n\000e\000n\000t\000s\000:\000\040\000I\000n\000t\000e\000r\000f\000a\000c\000i\000n\000g\000\040\000H\000D\000L}{section*.37}
\BOOKMARK [3][-]{section*.39}{\376\377\000E\000x\000t\000e\000r\000n\000a\000l\000\040\000M\000o\000d\000u\000l\000e\000\040\000I\000n\000t\000e\000r\000f\000a\000c\000e\000:\000\040\000E\000m\000b\000e\000d\000d\000i\000n\000g\000\040\000H\000D\000L}{section*.37}
\BOOKMARK [1][-]{section*.40}{\376\377\000A\000b\000s\000t\000r\000a\000c\000t\000\040\000D\000a\000t\000a\000\040\000T\000y\000p\000e\000\040\000O\000b\000j\000e\000c\000t\000s}{}
\BOOKMARK [2][-]{section*.41}{\376\377\000P\000s\000e\000u\000d\000o\000-\000N\000o\000t\000a\000t\000i\000o\000n}{section*.40}
\BOOKMARK [2][-]{section*.42}{\376\377\000I\000n\000t\000e\000r\000p\000r\000o\000c\000e\000s\000s\000-\000C\000o\000m\000m\000u\000n\000i\000c\000a\000t\000i\000o\000n}{section*.40}
\BOOKMARK [3][-]{section*.43}{\376\377\000M\000u\000t\000e\000x}{section*.42}
\BOOKMARK [3][-]{section*.44}{\376\377\000S\000e\000m\000a\000p\000h\000o\000r\000e}{section*.42}
\BOOKMARK [3][-]{section*.45}{\376\377\000E\000v\000e\000n\000t}{section*.42}
\BOOKMARK [3][-]{section*.46}{\376\377\000B\000a\000r\000r\000i\000e\000r}{section*.42}
\BOOKMARK [3][-]{section*.47}{\376\377\000T\000i\000m\000e\000r}{section*.42}
\BOOKMARK [3][-]{section*.48}{\376\377\000Q\000u\000e\000u\000e}{section*.42}
\BOOKMARK [3][-]{section*.49}{\376\377\000C\000h\000a\000n\000n\000e\000l}{section*.42}
\BOOKMARK [2][-]{section*.50}{\376\377\000E\000x\000t\000e\000r\000n\000a\000l\000\040\000C\000o\000m\000m\000u\000n\000i\000c\000a\000t\000i\000o\000n}{section*.40}
\BOOKMARK [3][-]{section*.51}{\376\377\000L\000i\000n\000k\000\040}{section*.50}
\BOOKMARK [2][-]{section*.52}{\376\377\000D\000a\000t\000a\000\040\000P\000r\000o\000c\000e\000s\000s\000i\000n\000g}{section*.40}
\BOOKMARK [3][-]{section*.53}{\376\377\000R\000a\000n\000d\000o\000m}{section*.52}
\BOOKMARK [1][-]{section*.54}{\376\377\000H\000a\000r\000d\000w\000a\000r\000e\000\040\000a\000n\000d\000\040\000S\000y\000s\000t\000e\000m\000\040\000A\000r\000c\000h\000i\000t\000e\000c\000t\000u\000r\000e}{}
\BOOKMARK [2][-]{section*.55}{\376\377\000I\000n\000t\000r\000o\000d\000u\000c\000t\000i\000o\000n}{section*.54}
\BOOKMARK [2][-]{section*.56}{\376\377\000M\000o\000d\000u\000l\000e\000s\000\040\000a\000n\000d\000\040\000P\000r\000o\000c\000e\000s\000s\000e\000s}{section*.54}
\BOOKMARK [3][-]{section*.57}{\376\377\000M\000o\000d\000u\000l\000e\000s}{section*.56}
\BOOKMARK [3][-]{section*.58}{\376\377\000P\000r\000o\000c\000e\000s\000s\000e\000s}{section*.56}
\BOOKMARK [2][-]{section*.59}{\376\377\000B\000l\000o\000c\000k\000\040\000S\000t\000r\000c\000u\000t\000u\000r\000e\000s}{section*.54}
\BOOKMARK [2][-]{section*.60}{\376\377\000D\000a\000t\000a\000\040\000O\000b\000j\000e\000c\000t\000s\000\040\000a\000n\000d\000\040\000D\000a\000t\000a\000\040\000T\000y\000p\000e\000s}{section*.54}
\BOOKMARK [3][-]{section*.61}{\376\377\000R\000e\000g\000i\000s\000t\000e\000r\000s}{section*.60}
\BOOKMARK [3][-]{section*.62}{\376\377\000V\000a\000r\000i\000a\000b\000l\000e\000s}{section*.60}
\BOOKMARK [3][-]{section*.63}{\376\377\000S\000i\000g\000n\000a\000l\000s}{section*.60}
\BOOKMARK [3][-]{section*.64}{\376\377\000E\000x\000p\000r\000e\000s\000s\000i\000o\000n\000s\000\040\000a\000n\000d\000\040\000A\000s\000s\000i\000g\000n\000m\000e\000n\000t\000s}{section*.60}
\BOOKMARK [2][-]{section*.65}{\376\377\000I\000n\000t\000e\000r\000p\000r\000o\000c\000e\000s\000s\000-\000C\000o\000m\000m\000u\000n\000i\000c\000a\000t\000i\000o\000n}{section*.54}
\BOOKMARK [3][-]{section*.66}{\376\377\000M\000u\000t\000e\000x}{section*.65}
\BOOKMARK [3][-]{section*.67}{\376\377\000S\000e\000m\000a\000p\000h\000o\000r\000e}{section*.65}
\BOOKMARK [3][-]{section*.68}{\376\377\000E\000v\000e\000n\000t}{section*.65}
\BOOKMARK [3][-]{section*.69}{\376\377\000B\000a\000r\000r\000i\000e\000r}{section*.65}
\BOOKMARK [3][-]{section*.70}{\376\377\000T\000i\000m\000e\000r}{section*.65}
\BOOKMARK [3][-]{section*.71}{\376\377\000Q\000u\000e\000u\000e}{section*.65}
\BOOKMARK [3][-]{section*.72}{\376\377\000C\000h\000a\000n\000n\000e\000l}{section*.65}
\BOOKMARK [2][-]{section*.73}{\376\377\000E\000x\000t\000e\000r\000n\000a\000l\000\040\000C\000o\000m\000m\000u\000n\000i\000c\000a\000t\000i\000o\000n}{section*.54}
\BOOKMARK [3][-]{section*.74}{\376\377\000L\000i\000n\000k}{section*.73}
\BOOKMARK [2][-]{section*.75}{\376\377\000T\000y\000p\000e\000s}{section*.54}
\BOOKMARK [3][-]{section*.76}{\376\377\000D\000a\000t\000a\000\040\000T\000y\000p\000e\000s}{section*.75}
\BOOKMARK [3][-]{section*.77}{\376\377\000A\000b\000s\000t\000r\000a\000c\000t\000\040\000O\000b\000j\000e\000c\000t\000\040\000T\000y\000p\000e\000s}{section*.75}
\BOOKMARK [3][-]{section*.78}{\376\377\000P\000r\000o\000d\000u\000c\000t\000\040\000T\000y\000p\000e\000s\000:\000\040\000A\000r\000r\000a\000y}{section*.75}
\BOOKMARK [3][-]{section*.79}{\376\377\000P\000r\000o\000d\000u\000c\000t\000\040\000T\000y\000p\000e\000s\000:\000\040\000S\000t\000r\000u\000c\000t\000u\000r\000e}{section*.75}
\BOOKMARK [3][-]{section*.80}{\376\377\000S\000u\000m\000\040\000T\000y\000p\000e\000s\000:\000\040\000E\000n\000u\000m\000e\000r\000a\000t\000i\000o\000n}{section*.75}
\BOOKMARK [3][-]{section*.81}{\376\377\000E\000x\000c\000e\000p\000t\000i\000o\000n\000s}{section*.75}
\BOOKMARK [2][-]{section*.82}{\376\377\000C\000o\000n\000t\000r\000o\000l\000\040\000S\000t\000a\000t\000e\000m\000e\000n\000t\000s}{section*.54}
\BOOKMARK [3][-]{section*.83}{\376\377\000C\000o\000u\000n\000t\000i\000n\000g\000\040\000f\000o\000r\000-\000L\000o\000o\000p}{section*.82}
\BOOKMARK [3][-]{section*.84}{\376\377\000C\000o\000n\000d\000i\000t\000i\000o\000n\000a\000l\000\040\000w\000h\000i\000l\000e\000-\000L\000o\000o\000p}{section*.82}
\BOOKMARK [3][-]{section*.85}{\376\377\000E\000n\000d\000l\000e\000s\000s\000\040\000a\000l\000w\000a\000y\000s\000-\000L\000o\000o\000p}{section*.82}
\BOOKMARK [3][-]{section*.86}{\376\377\000B\000l\000o\000c\000k\000i\000n\000g\000\040\000w\000a\000i\000t\000-\000f\000o\000r\000-\000L\000o\000o\000p}{section*.82}
\BOOKMARK [3][-]{section*.87}{\376\377\000C\000o\000n\000d\000i\000t\000i\000o\000n\000a\000l\000\040\000i\000f\000-\000e\000l\000s\000e\000-\000B\000r\000a\000n\000c\000h}{section*.82}
\BOOKMARK [3][-]{section*.88}{\376\377\000M\000u\000l\000t\000i\000c\000a\000s\000e\000\040\000m\000a\000t\000c\000h\000-\000B\000r\000a\000n\000c\000h}{section*.82}
\BOOKMARK [3][-]{section*.89}{\376\377\000E\000x\000c\000e\000p\000t\000i\000o\000n\000\040\000H\000a\000n\000d\000l\000e\000r}{section*.82}
\BOOKMARK [2][-]{section*.90}{\376\377\000I\000/\000O\000:\000\040\000H\000a\000r\000d\000w\000a\000r\000e\000\040\000P\000o\000r\000t\000\040\000I\000n\000t\000e\000r\000f\000a\000c\000e}{section*.54}
\BOOKMARK [3][-]{section*.91}{\376\377\000C\000o\000m\000p\000o\000n\000e\000n\000t\000s\000:\000\040\000I\000n\000t\000e\000r\000f\000a\000c\000i\000n\000g\000\040\000H\000D\000L}{section*.90}
\BOOKMARK [3][-]{section*.92}{\376\377\000E\000x\000t\000e\000r\000n\000a\000l\000\040\000M\000o\000d\000u\000l\000e\000\040\000I\000n\000t\000e\000r\000f\000a\000c\000e\000:\000\040\000E\000m\000b\000e\000d\000d\000i\000n\000g\000\040\000H\000D\000L}{section*.90}
\BOOKMARK [1][-]{section*.93}{\376\377\000E\000x\000t\000e\000r\000n\000a\000l\000\040\000M\000o\000d\000u\000l\000e\000\040\000I\000n\000t\000e\000r\000f\000a\000c\000e\000\040\000E\000M\000I}{}
\BOOKMARK [2][-]{section*.94}{\376\377\000P\000a\000r\000a\000m\000e\000t\000e\000r\000\040\000S\000e\000c\000t\000i\000o\000n}{section*.93}
\BOOKMARK [2][-]{section*.95}{\376\377\000M\000e\000t\000h\000o\000d\000s\000\040\000S\000e\000c\000t\000i\000o\000n}{section*.93}
\BOOKMARK [2][-]{section*.96}{\376\377\000I\000n\000t\000e\000r\000f\000a\000c\000e\000\040\000S\000e\000c\000t\000i\000o\000n}{section*.93}
\BOOKMARK [2][-]{section*.97}{\376\377\000M\000a\000p\000p\000i\000n\000g\000\040\000S\000e\000c\000t\000i\000o\000n}{section*.93}
\BOOKMARK [2][-]{section*.98}{\376\377\000A\000c\000c\000e\000s\000s\000\040\000S\000e\000c\000t\000i\000o\000n}{section*.93}
\BOOKMARK [2][-]{section*.99}{\376\377\000S\000i\000g\000n\000a\000l\000s\000\040\000S\000e\000c\000t\000i\000o\000n}{section*.93}
\BOOKMARK [2][-]{section*.100}{\376\377\000P\000r\000o\000c\000e\000s\000s\000\040\000S\000e\000c\000t\000i\000o\000n}{section*.93}
\BOOKMARK [1][-]{section*.101}{\376\377\000T\000o\000o\000l\000\040\000D\000e\000s\000c\000r\000i\000p\000t\000i\000o\000n\000\040\000I\000n\000t\000e\000r\000f\000a\000c\000e\000\040\000T\000D\000I}{}
\BOOKMARK [2][-]{section*.102}{\376\377\000P\000a\000r\000a\000m\000e\000t\000e\000r\000\040\000s\000e\000c\000t\000i\000o\000n\000\040}{section*.101}
\BOOKMARK [2][-]{section*.103}{\376\377\000F\000u\000n\000c\000t\000i\000o\000n\000\040\000s\000e\000c\000t\000i\000o\000n\000\040}{section*.101}
\BOOKMARK [2][-]{section*.104}{\376\377\000B\000u\000i\000l\000t\000i\000n\000\040\000C\000o\000r\000e\000\040\000F\000u\000n\000c\000t\000i\000o\000n\000s\000\040}{section*.101}
\BOOKMARK [1][-]{section*.105}{\376\377\003\274\000C\000o\000d\000e}{}
\BOOKMARK [1][-]{section*.106}{\376\377\000S\000y\000n\000t\000h\000e\000s\000i\000s}{}
\BOOKMARK [2][-]{section*.107}{\376\377\000B\000a\000s\000i\000c\000\040\000S\000c\000h\000e\000d\000u\000l\000i\000n\000g\000\040\000M\000o\000d\000e\000l}{section*.106}
\BOOKMARK [2][-]{section*.108}{\376\377\000S\000y\000n\000t\000h\000e\000s\000i\000s\000\040\000R\000u\000l\000e\000s\000S\000y\000n\000t\000h\000e\000s\000i\000s\000\040\000R\000u\000l\000e\000s}{section*.106}
\BOOKMARK [2][-]{section*.109}{\376\377\000E\000x\000p\000r\000e\000s\000s\000i\000o\000n\000\040\000M\000o\000d\000e\000l\000l\000s\000\040\000a\000n\000d\000\040\000A\000l\000l\000o\000c\000a\000t\000i\000o\000n}{section*.106}
\BOOKMARK [2][-]{section*.110}{\376\377\003\274\000C\000o\000d\000e\000\040\000T\000r\000a\000n\000s\000f\000o\000r\000m\000a\000t\000i\000o\000n}{section*.106}
\BOOKMARK [2][-]{section*.111}{\376\377\000R\000e\000f\000e\000r\000e\000n\000c\000e\000\040\000S\000t\000a\000c\000k\000\040\000S\000c\000h\000e\000d\000u\000l\000e\000r}{section*.106}
\BOOKMARK [2][-]{section*.112}{\376\377\000B\000a\000s\000i\000c\000\040\000B\000l\000o\000c\000k\000\040\000S\000c\000h\000e\000d\000u\000l\000e\000r}{section*.106}
\BOOKMARK [2][-]{section*.113}{\376\377\000E\000x\000p\000r\000e\000s\000s\000i\000o\000n\000\040\000S\000c\000h\000e\000d\000u\000l\000e\000r}{section*.106}
\BOOKMARK [1][-]{section*.114}{\376\377\000I\000n\000t\000e\000r\000n\000a\000l\000\040\000N\000o\000t\000e\000s}{}
\BOOKMARK [1][-]{section*.115}{\376\377\000B\000i\000b\000l\000i\000o\000g\000r\000a\000p\000h\000y}{}
