This is pdfeTeX, Version 3.141592-1.21a-2.2 (Web2C 7.5.4) (format=latex 2005.7.1)  22 JAN 2010 18:04
entering extended mode
**conpro2.tex
(./conpro2.tex
LaTeX2e <2003/12/01>
Babel <v3.8d> and hyphenation patterns for american, french, german, ngerman, b
ahasa, basque, bulgarian, catalan, croatian, czech, danish, dutch, esperanto, e
stonian, finnish, greek, icelandic, irish, italian, latin, magyar, norsk, polis
h, portuges, romanian, russian, serbian, slovak, slovene, spanish, swedish, tur
kish, ukrainian, nohyphenation, loaded.
(/export/home/opt/csw/share/texmf-dist/tex/latex/base/article.cls
Document Class: article 2004/02/16 v1.4f Standard LaTeX document class
(/export/home/opt/csw/share/texmf-dist/tex/latex/base/size12.clo
File: size12.clo 2004/02/16 v1.4f Standard LaTeX file (size option)
)
\c@part=\count79
\c@section=\count80
\c@subsection=\count81
\c@subsubsection=\count82
\c@paragraph=\count83
\c@subparagraph=\count84
\c@figure=\count85
\c@table=\count86
\abovecaptionskip=\skip41
\belowcaptionskip=\skip42
\bibindent=\dimen102
)
\@indexfile=\write3
\openout3 = `conpro2.idx'.


Writing index file conpro2.idx
(/export/home/opt/csw/share/texmf-dist/tex/latex/hyperref/hyperref.sty
Package: hyperref 2003/11/30 v6.74m Hypertext links for LaTeX

(/export/home/opt/csw/share/texmf-dist/tex/latex/graphics/keyval.sty
Package: keyval 1999/03/16 v1.13 key=value parser (DPC)
\KV@toks@=\toks14
)
\@linkdim=\dimen103
\Hy@linkcounter=\count87
\Hy@pagecounter=\count88

(/export/home/opt/csw/share/texmf-dist/tex/latex/hyperref/pd1enc.def
File: pd1enc.def 2003/11/30 v6.74m Hyperref: PDFDocEncoding definition (HO)
)
(/export/home/opt/csw/share/texmf-dist/tex/latex/hyperref/hyperref.cfg
File: hyperref.cfg 2002/06/06 v1.2 hyperref configuration of TeXLive and teTeX
)
Package hyperref Info: Option `unicode' set `true' on input line 1830.

(/export/home/opt/csw/share/texmf-dist/tex/latex/hyperref/puenc.def
File: puenc.def 2003/11/30 v6.74m Hyperref: PDF Unicode definition (HO)
)
Package hyperref Info: Hyper figures OFF on input line 1880.
Package hyperref Info: Link nesting OFF on input line 1885.
Package hyperref Info: Hyper index ON on input line 1888.
Package hyperref Info: Plain pages ON on input line 1893.
Package hyperref Info: Backreferencing OFF on input line 1900.

Implicit mode ON; LaTeX internals redefined
Package hyperref Info: Bookmarks ON on input line 2004.
(/export/home/opt/csw/share/texmf-dist/tex/latex/url/url.sty
\Urlmuskip=\muskip10
Package: url 2004/03/15  ver 3.1  Verb mode for urls, etc.
)
LaTeX Info: Redefining \url on input line 2143.
\Fld@menulength=\count89
\Field@Width=\dimen104
\Fld@charsize=\dimen105
\Choice@toks=\toks15
\Field@toks=\toks16
Package hyperref Info: Hyper figures OFF on input line 2618.
Package hyperref Info: Link nesting OFF on input line 2623.
Package hyperref Info: Hyper index ON on input line 2626.
Package hyperref Info: backreferencing OFF on input line 2633.
Package hyperref Info: Link coloring OFF on input line 2638.
\c@Item=\count90
\c@Hfootnote=\count91
)
*hyperref using default driver hdvips*
(/export/home/opt/csw/share/texmf-dist/tex/latex/hyperref/hdvips.def
File: hdvips.def 2003/11/30 v6.74m Hyperref driver for dvips

(/export/home/opt/csw/share/texmf-dist/tex/latex/hyperref/pdfmark.def
File: pdfmark.def 2003/11/30 v6.74m Hyperref definitions for pdfmark specials
\pdf@docset=\toks17
\pdf@box=\box26
\pdf@toks=\toks18
\pdf@defaulttoks=\toks19
\Fld@listcount=\count92
\@outlinefile=\write4
))
(./conpro2.sty
(/export/home/opt/csw/share/texmf-dist/tex/latex/txfonts/txfonts.sty
Package: txfonts 2005/01/03 v3.2
LaTeX Font Info:    Redeclaring symbol font `operators' on input line 20.
LaTeX Font Info:    Overwriting symbol font `operators' in version `normal'
(Font)                  OT1/cmr/m/n --> OT1/txr/m/n on input line 20.
LaTeX Font Info:    Overwriting symbol font `operators' in version `bold'
(Font)                  OT1/cmr/bx/n --> OT1/txr/m/n on input line 20.
LaTeX Font Info:    Overwriting symbol font `operators' in version `bold'
(Font)                  OT1/txr/m/n --> OT1/txr/bx/n on input line 21.
\symitalic=\mathgroup4
LaTeX Font Info:    Overwriting symbol font `italic' in version `bold'
(Font)                  OT1/txr/m/it --> OT1/txr/bx/it on input line 25.
LaTeX Font Info:    Redeclaring math alphabet \mathrm on input line 27.
LaTeX Font Info:    Redeclaring math alphabet \mathbf on input line 28.
LaTeX Font Info:    Overwriting math alphabet `\mathbf' in version `normal'
(Font)                  OT1/cmr/bx/n --> OT1/txr/bx/n on input line 28.
LaTeX Font Info:    Overwriting math alphabet `\mathbf' in version `bold'
(Font)                  OT1/cmr/bx/n --> OT1/txr/bx/n on input line 28.
LaTeX Font Info:    Redeclaring math alphabet \mathit on input line 29.
LaTeX Font Info:    Overwriting math alphabet `\mathit' in version `normal'
(Font)                  OT1/cmr/m/it --> OT1/txr/m/it on input line 29.
LaTeX Font Info:    Overwriting math alphabet `\mathit' in version `bold'
(Font)                  OT1/cmr/bx/it --> OT1/txr/m/it on input line 29.
LaTeX Font Info:    Overwriting math alphabet `\mathit' in version `bold'
(Font)                  OT1/txr/m/it --> OT1/txr/bx/it on input line 30.
LaTeX Font Info:    Redeclaring math alphabet \mathsf on input line 39.
LaTeX Font Info:    Overwriting math alphabet `\mathsf' in version `normal'
(Font)                  OT1/cmss/m/n --> OT1/txss/m/n on input line 39.
LaTeX Font Info:    Overwriting math alphabet `\mathsf' in version `bold'
(Font)                  OT1/cmss/bx/n --> OT1/txss/m/n on input line 39.
LaTeX Font Info:    Overwriting math alphabet `\mathsf' in version `bold'
(Font)                  OT1/txss/m/n --> OT1/txss/b/n on input line 40.
LaTeX Font Info:    Redeclaring math alphabet \mathtt on input line 49.
LaTeX Font Info:    Overwriting math alphabet `\mathtt' in version `normal'
(Font)                  OT1/cmtt/m/n --> OT1/txtt/m/n on input line 49.
LaTeX Font Info:    Overwriting math alphabet `\mathtt' in version `bold'
(Font)                  OT1/cmtt/m/n --> OT1/txtt/m/n on input line 49.
LaTeX Font Info:    Overwriting math alphabet `\mathtt' in version `bold'
(Font)                  OT1/txtt/m/n --> OT1/txtt/b/n on input line 50.
LaTeX Font Info:    Redeclaring symbol font `letters' on input line 57.
LaTeX Font Info:    Overwriting symbol font `letters' in version `normal'
(Font)                  OML/cmm/m/it --> OML/txmi/m/it on input line 57.
LaTeX Font Info:    Overwriting symbol font `letters' in version `bold'
(Font)                  OML/cmm/b/it --> OML/txmi/m/it on input line 57.
LaTeX Font Info:    Overwriting symbol font `letters' in version `bold'
(Font)                  OML/txmi/m/it --> OML/txmi/bx/it on input line 58.
\symlettersA=\mathgroup5
LaTeX Font Info:    Overwriting symbol font `lettersA' in version `bold'
(Font)                  U/txmia/m/it --> U/txmia/bx/it on input line 66.
LaTeX Font Info:    Redeclaring symbol font `symbols' on input line 76.
LaTeX Font Info:    Overwriting symbol font `symbols' in version `normal'
(Font)                  OMS/cmsy/m/n --> OMS/txsy/m/n on input line 76.
LaTeX Font Info:    Overwriting symbol font `symbols' in version `bold'
(Font)                  OMS/cmsy/b/n --> OMS/txsy/m/n on input line 76.
LaTeX Font Info:    Overwriting symbol font `symbols' in version `bold'
(Font)                  OMS/txsy/m/n --> OMS/txsy/bx/n on input line 77.
\symAMSa=\mathgroup6
LaTeX Font Info:    Overwriting symbol font `AMSa' in version `bold'
(Font)                  U/txsya/m/n --> U/txsya/bx/n on input line 93.
\symAMSb=\mathgroup7
LaTeX Font Info:    Overwriting symbol font `AMSb' in version `bold'
(Font)                  U/txsyb/m/n --> U/txsyb/bx/n on input line 102.
\symsymbolsC=\mathgroup8
LaTeX Font Info:    Overwriting symbol font `symbolsC' in version `bold'
(Font)                  U/txsyc/m/n --> U/txsyc/bx/n on input line 112.
LaTeX Font Info:    Redeclaring symbol font `largesymbols' on input line 119.
LaTeX Font Info:    Overwriting symbol font `largesymbols' in version `normal'
(Font)                  OMX/cmex/m/n --> OMX/txex/m/n on input line 119.
LaTeX Font Info:    Overwriting symbol font `largesymbols' in version `bold'
(Font)                  OMX/cmex/m/n --> OMX/txex/m/n on input line 119.
LaTeX Font Info:    Overwriting symbol font `largesymbols' in version `bold'
(Font)                  OMX/txex/m/n --> OMX/txex/bx/n on input line 120.
\symlargesymbolsA=\mathgroup9
LaTeX Font Info:    Overwriting symbol font `largesymbolsA' in version `bold'
(Font)                  U/txexa/m/n --> U/txexa/bx/n on input line 128.
LaTeX Info: Redefining \not on input line 1042.
)
(/export/home/opt/csw/share/texmf-dist/tex/latex/base/fontenc.sty
Package: fontenc 2004/02/22 v1.99f Standard LaTeX package

(/export/home/opt/csw/share/texmf-dist/tex/latex/base/t1enc.def
File: t1enc.def 2004/02/22 v1.99f Standard LaTeX file
LaTeX Font Info:    Redeclaring font encoding T1 on input line 43.
))
(/export/home/opt/csw/share/texmf-dist/tex/generic/babel/babel.sty
Package: babel 2004/11/20 v3.8d The Babel package

(/export/home/opt/csw/share/texmf-dist/tex/generic/babel/english.ldf
Language: english 2004/06/14 v3.3o English support from the babel system

(/export/home/opt/csw/share/texmf-dist/tex/generic/babel/babel.def
File: babel.def 2004/11/20 v3.8d Babel common definitions
\babel@savecnt=\count93
\U@D=\dimen106
)
\l@british = a dialect from \language\l@english 
\l@UKenglish = a dialect from \language\l@english 
\l@canadian = a dialect from \language\l@american 
\l@australian = a dialect from \language\l@british 
\l@newzealand = a dialect from \language\l@british 
))
(/export/home/opt/csw/share/texmf-dist/tex/latex/fp/fp.sty
Package: fp 1995/04/02

`Fixed Point Package', Version 0.8, April 2, 1995 (C) Michael Mehlich
(/export/home/opt/csw/share/texmf-dist/tex/latex/fp/defpattern.sty
Package: defpattern 1994/10/12
\actioncount=\count94
)
(/export/home/opt/csw/share/texmf-dist/tex/latex/fp/fp-basic.sty
Package: fp-basic 1996/05/13
\FP@xs=\count95
\FP@xia=\count96
\FP@xib=\count97
\FP@xfa=\count98
\FP@xfb=\count99
\FP@rega=\count100
\FP@regb=\count101
\FP@regs=\count102
\FP@times=\count103
)
(/export/home/opt/csw/share/texmf-dist/tex/latex/fp/fp-addons.sty
Package: fp-addons 1995/03/15
)
(/export/home/opt/csw/share/texmf-dist/tex/latex/fp/fp-snap.sty
Package: fp-snap 1995/04/05
)
(/export/home/opt/csw/share/texmf-dist/tex/latex/fp/fp-exp.sty
Package: fp-exp 1995/04/03
)
(/export/home/opt/csw/share/texmf-dist/tex/latex/fp/fp-trigo.sty
Package: fp-trigo 1995/04/14
)
(/export/home/opt/csw/share/texmf-dist/tex/latex/fp/fp-pas.sty
Package: fp-pas 1994/08/29
)
(/export/home/opt/csw/share/texmf-dist/tex/latex/fp/fp-random.sty
Package: fp-random 1995/02/23
\FPseed=\count104
)
(/export/home/opt/csw/share/texmf-dist/tex/latex/fp/fp-eqn.sty
Package: fp-eqn 1995/04/03
)
(/export/home/opt/csw/share/texmf-dist/tex/latex/fp/fp-upn.sty
Package: fp-upn 1996/10/21
)
(/export/home/opt/csw/share/texmf-dist/tex/latex/fp/fp-eval.sty
Package: fp-eval 1995/04/03
))
\fullwidth=\dimen107
\emptyfoot=\dimen108

(/export/home/opt/csw/share/texmf-dist/tex/latex/graphics/graphicx.sty
Package: graphicx 1999/02/16 v1.0f Enhanced LaTeX Graphics (DPC,SPQR)

(/export/home/opt/csw/share/texmf-dist/tex/latex/graphics/graphics.sty
Package: graphics 2001/07/07 v1.0n Standard LaTeX Graphics (DPC,SPQR)

(/export/home/opt/csw/share/texmf-dist/tex/latex/graphics/trig.sty
Package: trig 1999/03/16 v1.09 sin cos tan (DPC)
)
(/export/home/opt/csw/share/texmf-dist/tex/latex/graphics/graphics.cfg
File: graphics.cfg 2005/02/03 v1.3 graphics configuration of teTeX/TeXLive
)
Package graphics Info: Driver file: dvips.def on input line 80.

(/export/home/opt/csw/share/texmf-dist/tex/latex/graphics/dvips.def
File: dvips.def 1999/02/16 v3.0i Driver-dependant file (DPC,SPQR)
))
\Gin@req@height=\dimen109
\Gin@req@width=\dimen110
)
\savepar=\box27

(/export/home/opt/csw/share/texmf-dist/tex/latex/graphics/color.sty
Package: color 1999/02/16 v1.0i Standard LaTeX Color (DPC)

(/export/home/opt/csw/share/texmf-dist/tex/latex/graphics/color.cfg
File: color.cfg 2005/02/03 v1.3 color configuration of teTeX/TeXLive
)
Package color Info: Driver file: dvips.def on input line 125.

(/export/home/opt/csw/share/texmf-dist/tex/latex/graphics/dvipsnam.def
File: dvipsnam.def 1999/02/16 v3.0i Driver-dependant file (DPC,SPQR)
))
(/export/home/opt/csw/share/texmf-dist/tex/latex/psnfss/pifont.sty
Package: pifont 2004/09/15 PSNFSS-v9.2 Pi font support (SPQR) 
LaTeX Font Info:    Try loading font information for U+pzd on input line 63.

(/export/home/opt/csw/share/texmf-dist/tex/latex/psnfss/upzd.fd
File: upzd.fd 2001/06/04 font definitions for U/pzd.
)
LaTeX Font Info:    Try loading font information for U+psy on input line 64.

(/export/home/opt/csw/share/texmf-dist/tex/latex/psnfss/upsy.fd
File: upsy.fd 2001/06/04 font definitions for U/psy.
))
(/export/home/opt/csw/share/texmf-dist/tex/latex/float/float.sty
Package: float 2001/11/08 v1.3d Float enhancements (AL)
\c@float@type=\count105
\float@exts=\toks20
\float@box=\box28
\@float@everytoks=\toks21
\@floatcapt=\box29
)
(/export/home/opt/csw/share/texmf-dist/tex/latex/base/makeidx.sty
Package: makeidx 2000/03/29 v1.0m Standard LaTeX package
)
\c@defcounter=\count106
\c@plotcounter=\count107
\c@graphcounter=\count108
\c@excounter=\count109
\c@refdefcounter=\count110
\c@refplotcounter=\count111
\c@refgraphcounter=\count112
\c@refexcounter=\count113
\abovecaptionskip=\dimen111
\c@example=\count114
\c@graph=\count115
\c@definition=\count116
\c@plot=\count117
\c@algorithm=\count118
)
\@input{conpro2_inc.aux}
\openout2 = `conpro2_inc.aux'.

(./conpro2_inc.tex) (./conpro2.aux (./conpro2_toc.aux))
\openout1 = `conpro2.aux'.

LaTeX Font Info:    Checking defaults for OML/txmi/m/it on input line 27.
LaTeX Font Info:    Try loading font information for OML+txmi on input line 27.


(/export/home/opt/csw/share/texmf-dist/tex/latex/txfonts/omltxmi.fd
File: omltxmi.fd 2000/12/15 v3.1
)
LaTeX Font Info:    ... okay on input line 27.
LaTeX Font Info:    Checking defaults for T1/cmr/m/n on input line 27.
LaTeX Font Info:    ... okay on input line 27.
LaTeX Font Info:    Checking defaults for OT1/cmr/m/n on input line 27.
LaTeX Font Info:    ... okay on input line 27.
LaTeX Font Info:    Checking defaults for OMS/txsy/m/n on input line 27.
LaTeX Font Info:    Try loading font information for OMS+txsy on input line 27.


(/export/home/opt/csw/share/texmf-dist/tex/latex/txfonts/omstxsy.fd
File: omstxsy.fd 2000/12/15 v3.1
)
LaTeX Font Info:    ... okay on input line 27.
LaTeX Font Info:    Checking defaults for OMX/txex/m/n on input line 27.
LaTeX Font Info:    Try loading font information for OMX+txex on input line 27.


(/export/home/opt/csw/share/texmf-dist/tex/latex/txfonts/omxtxex.fd
File: omxtxex.fd 2000/12/15 v3.1
)
LaTeX Font Info:    ... okay on input line 27.
LaTeX Font Info:    Checking defaults for U/txexa/m/n on input line 27.
LaTeX Font Info:    Try loading font information for U+txexa on input line 27.

(/export/home/opt/csw/share/texmf-dist/tex/latex/txfonts/utxexa.fd
File: utxexa.fd 2000/12/15 v3.1
)
LaTeX Font Info:    ... okay on input line 27.
LaTeX Font Info:    Checking defaults for PD1/pdf/m/n on input line 27.
LaTeX Font Info:    ... okay on input line 27.
LaTeX Font Info:    Checking defaults for PU/pdf/m/n on input line 27.
LaTeX Font Info:    ... okay on input line 27.
LaTeX Font Info:    Try loading font information for T1+txss on input line 27.

(/export/home/opt/csw/share/texmf-dist/tex/latex/txfonts/t1txss.fd
File: t1txss.fd 2000/12/15 v3.1
)
LaTeX Font Info:    Font shape `T1/txss/m/n' will be
(Font)              scaled to size 11.39996pt on input line 27.
Package hyperref Info: Link coloring OFF on input line 27.

(/export/home/opt/csw/share/texmf-dist/tex/latex/hyperref/nameref.sty
Package: nameref 2003/12/03 v2.21 Cross-referencing by name of section
\c@section@level=\count119
)
LaTeX Info: Redefining \ref on input line 27.
LaTeX Info: Redefining \pageref on input line 27.

(./conpro2.out) (./conpro2.out)
\openout4 = `conpro2.out'.

LaTeX Font Info:    Font shape `T1/txss/m/n' will be
(Font)              scaled to size 23.63593pt on input line 43.
LaTeX Font Info:    Font shape `T1/txss/bx/n' will be
(Font)              scaled to size 23.63593pt on input line 43.
LaTeX Font Info:    Try loading font information for OT1+txr on input line 43.

(/export/home/opt/csw/share/texmf-dist/tex/latex/txfonts/ot1txr.fd
File: ot1txr.fd 2000/12/15 v3.1
)
LaTeX Font Info:    Try loading font information for U+txmia on input line 43.

(/export/home/opt/csw/share/texmf-dist/tex/latex/txfonts/utxmia.fd
File: utxmia.fd 2000/12/15 v3.1
)
LaTeX Font Info:    Try loading font information for U+txsya on input line 43.

(/export/home/opt/csw/share/texmf-dist/tex/latex/txfonts/utxsya.fd
File: utxsya.fd 2000/12/15 v3.1
)
LaTeX Font Info:    Try loading font information for U+txsyb on input line 43.

(/export/home/opt/csw/share/texmf-dist/tex/latex/txfonts/utxsyb.fd
File: utxsyb.fd 2000/12/15 v3.1
)
LaTeX Font Info:    Try loading font information for U+txsyc on input line 43.

(/export/home/opt/csw/share/texmf-dist/tex/latex/txfonts/utxsyc.fd
File: utxsyc.fd 2000/12/15 v3.1
)
LaTeX Font Info:    Font shape `T1/txss/m/n' will be
(Font)              scaled to size 16.41594pt on input line 52.
LaTeX Font Info:    Font shape `T1/txss/bx/n' will be
(Font)              scaled to size 16.41594pt on input line 52.

Underfull \hbox (badness 2573) in paragraph at lines 52--52
\T1/txss/bx/n/17.28 gram-ming Lan-guage to RTL for Higher-
 []

LaTeX Font Info:    Font shape `T1/txss/m/n' will be
(Font)              scaled to size 13.67995pt on input line 82.
[0



]
LaTeX Font Info:    Font shape `T1/txss/m/n' will be
(Font)              scaled to size 10.40245pt on input line 83.
 [0

]
\openout2 = `conpro2_toc.aux'.

 (./conpro2_toc.tex
Underfull \hbox (badness 10000) in paragraph at lines 3--4

 []

LaTeX Font Info:    Font shape `T1/txss/bx/n' will be
(Font)              scaled to size 11.39996pt on input line 6.
LaTeX Font Info:    Font shape `T1/txss/bx/n' will be
(Font)              scaled to size 13.67995pt on input line 6.
[1


]
Overfull \vbox (3.11205pt too high) has occurred while \output is active []


[2]
Overfull \vbox (3.11205pt too high) has occurred while \output is active []


[3]
Overfull \vbox (3.11205pt too high) has occurred while \output is active []


[4]) [5


] [6

]
Overfull \hbox (33.9609pt too wide) in paragraph at lines 226--226
[][][] $[]$[] 
 []

LaTeX Font Info:    Try loading font information for T1+txtt on input line 228.

(/export/home/opt/csw/share/texmf-dist/tex/latex/txfonts/t1txtt.fd
File: t1txtt.fd 2000/12/15 v3.1
) [7

]
\@float@every@definition=\toks22
LaTeX Font Info:    Font shape `T1/txss/m/n' will be
(Font)              scaled to size 9.49997pt on input line 251.
Package hyperref Info: bookmark level for unknown definition defaults to 0 on i
nput line 252.
LaTeX Font Info:    Font shape `T1/txss/bx/n' will be
(Font)              scaled to size 9.49997pt on input line 252.
LaTeX Font Info:    Font shape `T1/txss/m/sc' will be
(Font)              scaled to size 9.49997pt on input line 252.
File: /home/sbosse/proj/conpro2/doc/tex/conpro2_diaI_I1.ps Graphic file (type e
ps)

</home/sbosse/proj/conpro2/doc/tex/conpro2_diaI_I1.ps>
File: /home/sbosse/proj/conpro2/doc/tex/conpro2_diaI_II1.ps Graphic file (type 
eps)

</home/sbosse/proj/conpro2/doc/tex/conpro2_diaI_II1.ps>
File: /home/sbosse/proj/conpro2/doc/tex/conpro2_diaI_III1.ps Graphic file (type
 eps)

</home/sbosse/proj/conpro2/doc/tex/conpro2_diaI_III1.ps>
File: /home/sbosse/proj/conpro2/doc/tex/conpro2_diaI_IV1.ps Graphic file (type 
eps)

</home/sbosse/proj/conpro2/doc/tex/conpro2_diaI_IV1.ps>
Overfull \hbox (33.9609pt too wide) in paragraph at lines 259--259
[][][] $[]$[] 
 []

LaTeX Font Info:    Font shape `T1/txss/m/it' in size <12> not available
(Font)              Font shape `T1/txss/m/sl' tried instead on input line 262.
LaTeX Font Info:    Font shape `T1/txss/m/sl' will be
(Font)              scaled to size 11.39996pt on input line 262.

Overfull \hbox (33.9609pt too wide) in paragraph at lines 270--270
[][][] $[]$[] 
 []

File: /home/sbosse/proj/conpro2/doc/tex/conpro2_diaII_I1.ps Graphic file (type 
eps)
</home/sbosse/proj/conpro2/doc/tex/conpro2_diaII_I1.ps>
\@float@every@example=\toks23
Package hyperref Info: bookmark level for unknown example defaults to 0 on inpu
t line 693.

Overfull \vbox (5.80698pt too high) has occurred while \output is active []


[8]
Overfull \vbox (5.80698pt too high) has occurred while \output is active []


[9]
LaTeX Font Info:    Font shape `T1/txss/m/n' will be
(Font)              scaled to size 5.69998pt on input line 695.
LaTeX Font Info:    Font shape `T1/txss/m/it' in size <6> not available
(Font)              Font shape `T1/txss/m/sl' tried instead on input line 695.
LaTeX Font Info:    Font shape `T1/txss/m/sl' will be
(Font)              scaled to size 5.69998pt on input line 695.

Overfull \hbox (7.94646pt too wide) in paragraph at lines 695--695
[]$[]$   \T1/txtt/m/n/10 ln.interface(DEV.ln_din,DEV.ln_din_ack,DEV.ln_dout,DEV
.ln_dout_ack); 
 []


Overfull \vbox (5.80698pt too high) has occurred while \output is active []


[10]
Overfull \vbox (5.80698pt too high) has occurred while \output is active []


[11]
Underfull \hbox (badness 10000) in paragraph at lines 695--695

 []


Overfull \hbox (33.9609pt too wide) in paragraph at lines 700--700
[][][] $[]$[] 
 []

File: /home/sbosse/proj/conpro2/doc/tex/conpro2_diaIII_I1.ps Graphic file (type
 eps)
</home/sbosse/proj/conpro2/doc/tex/conpro2_diaIII_I1.ps>
File: /home/sbosse/proj/conpro2/doc/tex/conpro2_diaIII_II1.ps Graphic file (typ
e eps)

</home/sbosse/proj/conpro2/doc/tex/conpro2_diaIII_II1.ps>
File: /home/sbosse/proj/conpro2/doc/tex/conpro2_diaIII_III1.ps Graphic file (ty
pe eps)

</home/sbosse/proj/conpro2/doc/tex/conpro2_diaIII_III1.ps>
File: /home/sbosse/proj/conpro2/doc/tex/conpro2_diaIV_I1.ps Graphic file (type 
eps)

</home/sbosse/proj/conpro2/doc/tex/conpro2_diaIV_I1.ps>
File: /home/sbosse/proj/conpro2/doc/tex/conpro2_diaIV_II1.ps Graphic file (type
 eps)

</home/sbosse/proj/conpro2/doc/tex/conpro2_diaIV_II1.ps>
LaTeX Font Info:    Font shape `T1/txss/m/it' in size <10> not available
(Font)              Font shape `T1/txss/m/sl' tried instead on input line 925.
LaTeX Font Info:    Font shape `T1/txss/m/sl' will be
(Font)              scaled to size 9.49997pt on input line 925.

Overfull \vbox (5.80698pt too high) has occurred while \output is active []


[12]
Overfull \vbox (5.80698pt too high) has occurred while \output is active []


[13]
Underfull \hbox (badness 10000) in paragraph at lines 1306--1306
[]$[]$ \T1/txtt/m/n/10 -- Five philosophers sit around a circular table. Each p
hilosopher
 []


Underfull \hbox (badness 10000) in paragraph at lines 1306--1306
[]$[]$ \T1/txtt/m/n/10 -- his life alternately thinking and eating. In the cent
er of the
 []


Underfull \hbox (badness 10000) in paragraph at lines 1306--1306
[]$[]$ \T1/txtt/m/n/10 -- large platter of spaghetti. Each philosopher needs tw
o forks two
 []


Underfull \hbox (badness 10000) in paragraph at lines 1306--1306
[]$[]$ \T1/txtt/m/n/10 -- there are only five forks for all. One fork is placed
 between each
 []


Underfull \hbox (badness 10000) in paragraph at lines 1306--1306
[]$[]$ \T1/txtt/m/n/10 -- of philosophers, and they agree that each will use on
ly the forks
 []


Underfull \hbox (badness 10000) in paragraph at lines 1306--1306
[]$[]$ \T1/txtt/m/n/10 -- [Andrews 2000, Multihtreaded, Parallel, and Distribut
ed
 []


Overfull \vbox (5.80698pt too high) has occurred while \output is active []


[14]
Underfull \hbox (badness 10000) in paragraph at lines 1306--1306

 []


Overfull \vbox (5.80698pt too high) has occurred while \output is active []


[15]
File: /home/sbosse/proj/conpro2/doc/tex/conpro2_diaV_I1.ps Graphic file (type e
ps)
 </home/sbosse/proj/conpro2/doc/tex/conpro2_diaV_I1.ps>
File: /home/sbosse/proj/conpro2/doc/tex/conpro2_diaV_II1.ps Graphic file (type 
eps)

</home/sbosse/proj/conpro2/doc/tex/conpro2_diaV_II1.ps>
File: /home/sbosse/proj/conpro2/doc/tex/conpro2_diaV_III1.ps Graphic file (type
 eps)

</home/sbosse/proj/conpro2/doc/tex/conpro2_diaV_III1.ps>
Overfull \hbox (8.28777pt too wide) in paragraph at lines 1544--1836
 [] 
 []


Underfull \vbox (badness 1721) has occurred while \output is active []


Overfull \vbox (5.80698pt too high) has occurred while \output is active []


[16]
File: /home/sbosse/proj/conpro2/doc/tex/conpro2_diaVI_I1.ps Graphic file (type 
eps)
 </home/sbosse/proj/conpro2/doc/tex/conpro2_diaVI_I1.ps>
File: /home/sbosse/proj/conpro2/doc/tex/conpro2_diaVI_II1.ps Graphic file (type
 eps)

</home/sbosse/proj/conpro2/doc/tex/conpro2_diaVI_II1.ps>
File: /home/sbosse/proj/conpro2/doc/tex/conpro2_diaVI_III1.ps Graphic file (typ
e eps)

</home/sbosse/proj/conpro2/doc/tex/conpro2_diaVI_III1.ps>
Overfull \hbox (8.28777pt too wide) in paragraph at lines 1881--2159
 [] 
 []


Overfull \hbox (8.28777pt too wide) in paragraph at lines 2169--2488
 [] 
 []


Overfull \hbox (33.9609pt too wide) in paragraph at lines 2505--2505
[][][] $[]$[] 
 []


Overfull \vbox (5.80698pt too high) has occurred while \output is active []


[17]
Overfull \vbox (5.80698pt too high) has occurred while \output is active []


[18]
Overfull \vbox (5.80698pt too high) has occurred while \output is active []


[19]
File: /home/sbosse/proj/conpro2/doc/tex/conpro2_graphI.eps Graphic file (type e
ps)
 </home/sbosse/proj/conpro2/doc/tex/conpro2_graphI.eps>
Package hyperref Info: bookmark level for unknown graph defaults to 0 on input 
line 2543.
LaTeX Font Info:    Font shape `T1/txtt/m/it' in size <10> not available
(Font)              Font shape `T1/txtt/m/sl' tried instead on input line 2575.


Underfull \hbox (badness 10000) in paragraph at lines 2575--2575

 []

Package hyperref Info: bookmark level for unknown algorithm defaults to 0 on in
put line 2576.

Underfull \hbox (badness 10000) in paragraph at lines 2634--2634

 []


Overfull \hbox (33.9609pt too wide) in paragraph at lines 2642--2642
[][][] $[]$[] 
 []


Overfull \vbox (5.80698pt too high) has occurred while \output is active []


[20]
Overfull \vbox (5.80698pt too high) has occurred while \output is active []


[21]
Underfull \hbox (badness 10000) in paragraph at lines 2918--2918

 []


Overfull \hbox (33.9609pt too wide) in paragraph at lines 2923--2923
[][][] $[]$[] 
 []


Overfull \vbox (5.80698pt too high) has occurred while \output is active []


[22]
Overfull \vbox (5.80698pt too high) has occurred while \output is active []


[23]
Underfull \hbox (badness 10000) in paragraph at lines 3225--3225

 []


Overfull \hbox (33.9609pt too wide) in paragraph at lines 3230--3230
[][][] $[]$[] 
 []


Overfull \vbox (5.80698pt too high) has occurred while \output is active []


[24]
Underfull \hbox (badness 10000) in paragraph at lines 3311--3311

 []

File: /home/sbosse/proj/conpro2/doc/tex/conpro2_diaVII_I1.ps Graphic file (type
 eps)
</home/sbosse/proj/conpro2/doc/tex/conpro2_diaVII_I1.ps>
File: /home/sbosse/proj/conpro2/doc/tex/conpro2_diaVII_II1.ps Graphic file (typ
e eps)

</home/sbosse/proj/conpro2/doc/tex/conpro2_diaVII_II1.ps>
File: /home/sbosse/proj/conpro2/doc/tex/conpro2_diaVII_III1.ps Graphic file (ty
pe eps)

</home/sbosse/proj/conpro2/doc/tex/conpro2_diaVII_III1.ps>
Overfull \vbox (5.80698pt too high) has occurred while \output is active []


[25]
Overfull \vbox (5.80698pt too high) has occurred while \output is active []


[26]
Overfull \hbox (33.9609pt too wide) in paragraph at lines 4576--4576
[][][] $[]$[] 
 []


Overfull \hbox (33.9609pt too wide) in paragraph at lines 4850--4850
[][][] $[]$[] 
 []


Overfull \vbox (5.80698pt too high) has occurred while \output is active []


[27]
Overfull \hbox (33.9609pt too wide) in paragraph at lines 5128--5128
[][][] $[]$[] 
 []


Overfull \hbox (33.9609pt too wide) in paragraph at lines 5592--5592
[][][] $[]$[] 
 []


Overfull \hbox (33.9609pt too wide) in paragraph at lines 5831--5831
[][][] $[]$[] 
 []


Overfull \vbox (5.80698pt too high) has occurred while \output is active []


[28]
Overfull \vbox (5.80698pt too high) has occurred while \output is active []


[29]
Overfull \hbox (27.05647pt too wide) in paragraph at lines 6146--6146
\T1/txss/m/n/10 (sig,reg,var,queue,channel,component).  
 []


Underfull \vbox (badness 10000) has occurred while \output is active []


Overfull \vbox (5.80698pt too high) has occurred while \output is active []


[30]
File: /home/sbosse/proj/conpro2/doc/tex/conpro2_diaVIII_I1.ps Graphic file (typ
e eps)
 </home/sbosse/proj/conpro2/doc/tex/conpro2_diaVIII_I1.ps>
File: /home/sbosse/proj/conpro2/doc/tex/conpro2_diaVIII_II1.ps Graphic file (ty
pe eps)

</home/sbosse/proj/conpro2/doc/tex/conpro2_diaVIII_II1.ps>
File: /home/sbosse/proj/conpro2/doc/tex/conpro2_diaVIII_III1.ps Graphic file (t
ype eps)

</home/sbosse/proj/conpro2/doc/tex/conpro2_diaVIII_III1.ps>
File: /home/sbosse/proj/conpro2/doc/tex/conpro2_diaVIII_IV1.ps Graphic file (ty
pe eps)

</home/sbosse/proj/conpro2/doc/tex/conpro2_diaVIII_IV1.ps>
File: /home/sbosse/proj/conpro2/doc/tex/conpro2_diaVIII_V1.ps Graphic file (typ
e eps)

</home/sbosse/proj/conpro2/doc/tex/conpro2_diaVIII_V1.ps>
File: /home/sbosse/proj/conpro2/doc/tex/conpro2_diaVIII_VI1.ps Graphic file (ty
pe eps)

</home/sbosse/proj/conpro2/doc/tex/conpro2_diaVIII_VI1.ps>
File: /home/sbosse/proj/conpro2/doc/tex/conpro2_diaVIII_VII1.ps Graphic file (t
ype eps)

</home/sbosse/proj/conpro2/doc/tex/conpro2_diaVIII_VII1.ps>
Overfull \vbox (5.80698pt too high) has occurred while \output is active []


[31]
File: /home/sbosse/proj/conpro2/doc/tex/conpro2_diaVIII_VIII1.ps Graphic file (
type eps)
 </home/sbosse/proj/conpro2/doc/tex/conpro2_diaVIII_VIII1.ps>
File: /home/sbosse/proj/conpro2/doc/tex/conpro2_diaVIII_IX1.ps Graphic file (ty
pe eps)

</home/sbosse/proj/conpro2/doc/tex/conpro2_diaVIII_IX1.ps>
Overfull \vbox (5.80698pt too high) has occurred while \output is active []


[32]
Underfull \hbox (badness 10000) in paragraph at lines 6344--6344

 []


Overfull \hbox (33.9609pt too wide) in paragraph at lines 6349--6349
[][][] $[]$[] 
 []


Overfull \hbox (33.9609pt too wide) in paragraph at lines 6358--6358
[][][] $[]$[] 
 []


Overfull \hbox (33.9609pt too wide) in paragraph at lines 6562--6562
[][][] $[]$[] 
 []


Overfull \hbox (33.9609pt too wide) in paragraph at lines 6571--6571
[][][] $[]$[] 
 []


Overfull \vbox (5.80698pt too high) has occurred while \output is active []


[33]
Overfull \hbox (33.9609pt too wide) in paragraph at lines 6580--6580
[][][] $[]$[] 
 []


Overfull \hbox (33.9609pt too wide) in paragraph at lines 6589--6589
[][][] $[]$[] 
 []


Overfull \hbox (33.9609pt too wide) in paragraph at lines 6598--6598
[][][] $[]$[] 
 []


Overfull \hbox (33.9609pt too wide) in paragraph at lines 6607--6607
[][][] $[]$[] 
 []


Overfull \hbox (33.9609pt too wide) in paragraph at lines 6616--6616
[][][] $[]$[] 
 []


Overfull \vbox (5.80698pt too high) has occurred while \output is active []


[34]
File: /home/sbosse/proj/conpro2/doc/tex/conpro2_diaIX_I1.ps Graphic file (type 
eps)
 </home/sbosse/proj/conpro2/doc/tex/conpro2_diaIX_I1.ps>
File: /home/sbosse/proj/conpro2/doc/tex/conpro2_diaIX_II1.ps Graphic file (type
 eps)

</home/sbosse/proj/conpro2/doc/tex/conpro2_diaIX_II1.ps>
File: /home/sbosse/proj/conpro2/doc/tex/conpro2_diaIX_III1.ps Graphic file (typ
e eps)

</home/sbosse/proj/conpro2/doc/tex/conpro2_diaIX_III1.ps>
File: /home/sbosse/proj/conpro2/doc/tex/conpro2_diaIX_IV1.ps Graphic file (type
 eps)

</home/sbosse/proj/conpro2/doc/tex/conpro2_diaIX_IV1.ps>
File: /home/sbosse/proj/conpro2/doc/tex/conpro2_diaIX_V1.ps Graphic file (type 
eps)

</home/sbosse/proj/conpro2/doc/tex/conpro2_diaIX_V1.ps>
File: /home/sbosse/proj/conpro2/doc/tex/conpro2_diaIX_VI1.ps Graphic file (type
 eps)

</home/sbosse/proj/conpro2/doc/tex/conpro2_diaIX_VI1.ps>
Underfull \vbox (badness 10000) has occurred while \output is active []


Overfull \vbox (5.80698pt too high) has occurred while \output is active []


[35]
Overfull \vbox (5.80698pt too high) has occurred while \output is active []


[36]
Underfull \hbox (badness 10000) in paragraph at lines 6957--6957

 []


Overfull \hbox (33.9609pt too wide) in paragraph at lines 6967--6967
[][][] $[]$[] 
 []


Overfull \hbox (33.9609pt too wide) in paragraph at lines 6972--6972
[][][] $[]$[] 
 []


Overfull \vbox (5.80698pt too high) has occurred while \output is active []


[37]
File: /home/sbosse/proj/conpro2/doc/tex/conpro2_diaX_I1.ps Graphic file (type e
ps)
 </home/sbosse/proj/conpro2/doc/tex/conpro2_diaX_I1.ps>
File: /home/sbosse/proj/conpro2/doc/tex/conpro2_diaXI_I1.ps Graphic file (type 
eps)

</home/sbosse/proj/conpro2/doc/tex/conpro2_diaXI_I1.ps>
File: /home/sbosse/proj/conpro2/doc/tex/conpro2_diaXI_II1.ps Graphic file (type
 eps)

</home/sbosse/proj/conpro2/doc/tex/conpro2_diaXI_II1.ps> [38

]
File: /home/sbosse/proj/conpro2/doc/tex/conpro2_diaXII_I1.ps Graphic file (type
 eps)

</home/sbosse/proj/conpro2/doc/tex/conpro2_diaXII_I1.ps>
File: /home/sbosse/proj/conpro2/doc/tex/conpro2_diaXII_II1.ps Graphic file (typ
e eps)

</home/sbosse/proj/conpro2/doc/tex/conpro2_diaXII_II1.ps>
File: /home/sbosse/proj/conpro2/doc/tex/conpro2_diaXII_III1.ps Graphic file (ty
pe eps)

</home/sbosse/proj/conpro2/doc/tex/conpro2_diaXII_III1.ps>
File: /home/sbosse/proj/conpro2/doc/tex/conpro2_diaXII_IV1.ps Graphic file (typ
e eps)

</home/sbosse/proj/conpro2/doc/tex/conpro2_diaXII_IV1.ps>
File: /home/sbosse/proj/conpro2/doc/tex/conpro2_diaXII_V1.ps Graphic file (type
 eps)

</home/sbosse/proj/conpro2/doc/tex/conpro2_diaXII_V1.ps>
File: /home/sbosse/proj/conpro2/doc/tex/conpro2_diaXII_VI1.ps Graphic file (typ
e eps)

</home/sbosse/proj/conpro2/doc/tex/conpro2_diaXII_VI1.ps>
File: /home/sbosse/proj/conpro2/doc/tex/conpro2_diaXII_VII1.ps Graphic file (ty
pe eps)

</home/sbosse/proj/conpro2/doc/tex/conpro2_diaXII_VII1.ps>
File: /home/sbosse/proj/conpro2/doc/tex/conpro2_diaXII_VIII1.ps Graphic file (t
ype eps)

</home/sbosse/proj/conpro2/doc/tex/conpro2_diaXII_VIII1.ps>
Underfull \vbox (badness 10000) has occurred while \output is active []


Overfull \vbox (5.80698pt too high) has occurred while \output is active []


[39]
File: /home/sbosse/proj/conpro2/doc/tex/conpro2_diaXIII_I1.ps Graphic file (typ
e eps)
 </home/sbosse/proj/conpro2/doc/tex/conpro2_diaXIII_I1.ps>
File: /home/sbosse/proj/conpro2/doc/tex/conpro2_diaXIII_II1.ps Graphic file (ty
pe eps)

</home/sbosse/proj/conpro2/doc/tex/conpro2_diaXIII_II1.ps>
File: /home/sbosse/proj/conpro2/doc/tex/conpro2_diaXIII_III1.ps Graphic file (t
ype eps)

</home/sbosse/proj/conpro2/doc/tex/conpro2_diaXIII_III1.ps>
File: /home/sbosse/proj/conpro2/doc/tex/conpro2_diaXIII_IV1.ps Graphic file (ty
pe eps)

</home/sbosse/proj/conpro2/doc/tex/conpro2_diaXIII_IV1.ps>
File: /home/sbosse/proj/conpro2/doc/tex/conpro2_diaXIII_V1.ps Graphic file (typ
e eps)

</home/sbosse/proj/conpro2/doc/tex/conpro2_diaXIII_V1.ps>
File: /home/sbosse/proj/conpro2/doc/tex/conpro2_diaXIII_VI1.ps Graphic file (ty
pe eps)

</home/sbosse/proj/conpro2/doc/tex/conpro2_diaXIII_VI1.ps>
File: /home/sbosse/proj/conpro2/doc/tex/conpro2_diaXIV_I1.ps Graphic file (type
 eps)

</home/sbosse/proj/conpro2/doc/tex/conpro2_diaXIV_I1.ps>
Overfull \vbox (5.80698pt too high) has occurred while \output is active []


[40]
File: /home/sbosse/proj/conpro2/doc/tex/conpro2_diaXIV_II1.ps Graphic file (typ
e eps)
 </home/sbosse/proj/conpro2/doc/tex/conpro2_diaXIV_II1.ps>
File: /home/sbosse/proj/conpro2/doc/tex/conpro2_diaXIV_III1.ps Graphic file (ty
pe eps)

</home/sbosse/proj/conpro2/doc/tex/conpro2_diaXIV_III1.ps>
File: /home/sbosse/proj/conpro2/doc/tex/conpro2_diaXV_I1.ps Graphic file (type 
eps)

</home/sbosse/proj/conpro2/doc/tex/conpro2_diaXV_I1.ps>
File: /home/sbosse/proj/conpro2/doc/tex/conpro2_diaXV_II1.ps Graphic file (type
 eps)

</home/sbosse/proj/conpro2/doc/tex/conpro2_diaXV_II1.ps>
Overfull \vbox (5.80698pt too high) has occurred while \output is active []


[41]
Overfull \vbox (5.80698pt too high) has occurred while \output is active []


[42]
Overfull \hbox (33.9609pt too wide) in paragraph at lines 8336--8336
[][][] $[]$[] 
 []


Overfull \vbox (5.80698pt too high) has occurred while \output is active []


[43]
Underfull \hbox (badness 10000) in paragraph at lines 8419--8453

 []


Underfull \hbox (badness 10000) in paragraph at lines 8462--8485

 []


Overfull \vbox (5.80698pt too high) has occurred while \output is active []


[44]
Underfull \hbox (badness 10000) in paragraph at lines 8494--8553

 []


Overfull \vbox (5.80698pt too high) has occurred while \output is active []


[45]
Underfull \hbox (badness 10000) in paragraph at lines 8554--8554

 []


Overfull \hbox (33.9609pt too wide) in paragraph at lines 8559--8559
[][][] $[]$[] 
 []


Overfull \vbox (5.80698pt too high) has occurred while \output is active []


[46]
Underfull \hbox (badness 10000) in paragraph at lines 8643--8680

 []


Underfull \hbox (badness 10000) in paragraph at lines 8689--8714

 []


Overfull \vbox (5.80698pt too high) has occurred while \output is active []


[47]
Underfull \hbox (badness 10000) in paragraph at lines 8723--8832

 []


Overfull \vbox (5.80698pt too high) has occurred while \output is active []


[48]
Underfull \hbox (badness 10000) in paragraph at lines 8833--8833

 []


Overfull \hbox (33.9609pt too wide) in paragraph at lines 8838--8838
[][][] $[]$[] 
 []


Overfull \vbox (5.80698pt too high) has occurred while \output is active []


[49]
Underfull \hbox (badness 10000) in paragraph at lines 8915--8946

 []


Overfull \vbox (5.80698pt too high) has occurred while \output is active []


[50]
Underfull \hbox (badness 10000) in paragraph at lines 8955--8978

 []


Underfull \hbox (badness 10000) in paragraph at lines 8987--9044

 []


Overfull \vbox (5.80698pt too high) has occurred while \output is active []


[51]
Underfull \hbox (badness 10000) in paragraph at lines 9045--9045

 []


Overfull \hbox (33.9609pt too wide) in paragraph at lines 9050--9050
[][][] $[]$[] 
 []


Overfull \vbox (5.80698pt too high) has occurred while \output is active []


[52]
Underfull \hbox (badness 10000) in paragraph at lines 9116--9148

 []


Underfull \hbox (badness 10000) in paragraph at lines 9157--9176

 []


Overfull \vbox (5.80698pt too high) has occurred while \output is active []


[53]
Underfull \hbox (badness 10000) in paragraph at lines 9185--9237

 []


Underfull \hbox (badness 10000) in paragraph at lines 9238--9238

 []


Overfull \hbox (33.9609pt too wide) in paragraph at lines 9243--9243
[][][] $[]$[] 
 []


Overfull \vbox (5.80698pt too high) has occurred while \output is active []


[54]
Overfull \vbox (5.80698pt too high) has occurred while \output is active []


[55]
Underfull \hbox (badness 10000) in paragraph at lines 9343--9399

 []


Overfull \vbox (5.80698pt too high) has occurred while \output is active []


[56]
Underfull \hbox (badness 10000) in paragraph at lines 9408--9446

 []


Underfull \hbox (badness 10000) in paragraph at lines 9455--9511

 []


Overfull \vbox (5.80698pt too high) has occurred while \output is active []


[57]
Underfull \hbox (badness 10000) in paragraph at lines 9512--9512

 []


Overfull \hbox (33.9609pt too wide) in paragraph at lines 9517--9517
[][][] $[]$[] 
 []


Overfull \vbox (5.80698pt too high) has occurred while \output is active []


[58]
Underfull \hbox (badness 10000) in paragraph at lines 9587--9651

 []


Overfull \vbox (5.80698pt too high) has occurred while \output is active []


[59]
Underfull \hbox (badness 10000) in paragraph at lines 9660--9682

 []


Overfull \hbox (33.9609pt too wide) in paragraph at lines 9696--9696
[][][] $[]$[] 
 []


Overfull \vbox (5.80698pt too high) has occurred while \output is active []


[60]
Underfull \hbox (badness 10000) in paragraph at lines 9766--9830

 []


Overfull \vbox (5.80698pt too high) has occurred while \output is active []


[61]
Underfull \hbox (badness 10000) in paragraph at lines 9839--9863

 []


Overfull \hbox (33.9609pt too wide) in paragraph at lines 9882--9882
[][][] $[]$[] 
 []


Overfull \vbox (5.80698pt too high) has occurred while \output is active []


[62]
Overfull \vbox (5.80698pt too high) has occurred while \output is active []


[63]
Underfull \hbox (badness 10000) in paragraph at lines 9989--10039

 []


Underfull \hbox (badness 10000) in paragraph at lines 10048--10048
[]    \T1/txtt/m/n/10 din_empty $\OMS/txsy/m/n/10  $ $8$ \T1/txtt/m/n/10 i $\OM
S/txsy/m/n/10 2$ \T1/txtt/m/n/10 [0,data_width-1]: $\OT1/txr/m/n/10 ^^E$ $\OMS/
txsy/m/n/10 :$\T1/txtt/m/n/10 data-in.[2*i] $\OMS/txsy/m/n/10 ^$
 []


Underfull \hbox (badness 10000) in paragraph at lines 10048--10048
[]    \T1/txtt/m/n/10 din_compl $\OMS/txsy/m/n/10  $ $8$ \T1/txtt/m/n/10 i $\OM
S/txsy/m/n/10 2$ \T1/txtt/m/n/10 [0,data_width-1]: $\OT1/txr/m/n/10 ^^E$ \T1/tx
tt/m/n/10 data-in.[2*i] $\OMS/txsy/m/n/10 ^^H$
 []


Overfull \vbox (5.80698pt too high) has occurred while \output is active []


[64]
Underfull \hbox (badness 10000) in paragraph at lines 10048--10082

 []


Underfull \hbox (badness 10000) in paragraph at lines 10091--10199

 []


Overfull \vbox (5.80698pt too high) has occurred while \output is active []


[65]
Overfull \hbox (7.94646pt too wide) in paragraph at lines 10200--10200
[]$[]$   \T1/txtt/m/n/10 ln.interface(DEV.ln_din,DEV.ln_din_ack,DEV.ln_dout,DEV
.ln_dout_ack); 
 []


Overfull \vbox (5.80698pt too high) has occurred while \output is active []


[66]
Underfull \hbox (badness 10000) in paragraph at lines 10200--10200

 []


Overfull \hbox (33.9609pt too wide) in paragraph at lines 10210--10210
[][][] $[]$[] 
 []


Overfull \vbox (5.80698pt too high) has occurred while \output is active []


[67]
Overfull \hbox (33.9609pt too wide) in paragraph at lines 10238--10238
[][][] $[]$[] 
 []


Overfull \hbox (33.9609pt too wide) in paragraph at lines 10243--10243
[][][] $[]$[] 
 []


Overfull \hbox (33.9609pt too wide) in paragraph at lines 10264--10264
[][][] $[]$[] 
 []


Overfull \hbox (33.9609pt too wide) in paragraph at lines 10269--10269
[][][] $[]$[] 
 []


Overfull \hbox (33.9609pt too wide) in paragraph at lines 10274--10274
[][][] $[]$[] 
 []


Overfull \hbox (33.9609pt too wide) in paragraph at lines 10279--10279
[][][] $[]$[] 
 []


Overfull \hbox (33.9609pt too wide) in paragraph at lines 10293--10293
[][][] $[]$[] 
 []

\@float@every@algorithm=\toks24
[68

]
Overfull \vbox (5.80698pt too high) has occurred while \output is active []


[69]
Underfull \hbox (badness 10000) in paragraph at lines 10388--10388

 []


Overfull \hbox (33.9609pt too wide) in paragraph at lines 10391--10391
[][][] $[]$[] 
 []


Overfull \hbox (33.9609pt too wide) in paragraph at lines 10396--10396
[][][] $[]$[] 
 []


Overfull \hbox (33.9609pt too wide) in paragraph at lines 10401--10401
[][][] $[]$[] 
 []


Overfull \hbox (33.9609pt too wide) in paragraph at lines 10406--10406
[][][] $[]$[] 
 []


Overfull \hbox (33.9609pt too wide) in paragraph at lines 10411--10411
[][][] $[]$[] 
 []


Overfull \hbox (33.9609pt too wide) in paragraph at lines 10416--10416
[][][] $[]$[] 
 []


Overfull \hbox (33.9609pt too wide) in paragraph at lines 10426--10426
[][][] $[]$[] 
 []

File: /home/sbosse/proj/conpro2/doc/tex/conpro2_graphII.eps Graphic file (type 
eps)
</home/sbosse/proj/conpro2/doc/tex/conpro2_graphII.eps>
Overfull \hbox (33.9609pt too wide) in paragraph at lines 10454--10454
[][][] $[]$[] 
 []


Overfull \vbox (5.80698pt too high) has occurred while \output is active []


[70]
Overfull \hbox (33.9609pt too wide) in paragraph at lines 10459--10459
[][][] $[]$[] 
 []


Overfull \hbox (33.9609pt too wide) in paragraph at lines 10464--10464
[][][] $[]$[] 
 []


Overfull \hbox (33.9609pt too wide) in paragraph at lines 10469--10469
[][][] $[]$[] 
 []


Overfull \hbox (33.9609pt too wide) in paragraph at lines 10474--10474
[][][] $[]$[] 
 []


Overfull \hbox (33.9609pt too wide) in paragraph at lines 10479--10479
[][][] $[]$[] 
 []


Overfull \hbox (33.9609pt too wide) in paragraph at lines 10489--10489
[][][] $[]$[] 
 []


Overfull \hbox (33.9609pt too wide) in paragraph at lines 10494--10494
[][][] $[]$[] 
 []


Overfull \hbox (33.9609pt too wide) in paragraph at lines 10499--10499
[][][] $[]$[] 
 []


Overfull \hbox (33.9609pt too wide) in paragraph at lines 10504--10504
[][][] $[]$[] 
 []


Overfull \vbox (5.80698pt too high) has occurred while \output is active []


[71]
Overfull \hbox (33.9609pt too wide) in paragraph at lines 10509--10509
[][][] $[]$[] 
 []


Overfull \hbox (33.9609pt too wide) in paragraph at lines 10514--10514
[][][] $[]$[] 
 []


Overfull \hbox (33.9609pt too wide) in paragraph at lines 10519--10519
[][][] $[]$[] 
 []


Overfull \hbox (33.9609pt too wide) in paragraph at lines 10529--10529
[][][] $[]$[] 
 []


Overfull \hbox (33.9609pt too wide) in paragraph at lines 10534--10534
[][][] $[]$[] 
 []


Overfull \vbox (3.06068pt too high) has occurred while \output is active []


[72] [73

]
Overfull \vbox (3.06068pt too high) has occurred while \output is active []


[74]
Overfull \vbox (3.06068pt too high) has occurred while \output is active []


[75]
Overfull \vbox (3.06068pt too high) has occurred while \output is active []


[76]
Overfull \vbox (3.06068pt too high) has occurred while \output is active []


[77]
Overfull \vbox (3.06068pt too high) has occurred while \output is active []


[78]
Overfull \vbox (3.06068pt too high) has occurred while \output is active []


[79]
Overfull \vbox (3.06068pt too high) has occurred while \output is active []


[80]
Overfull \vbox (3.06068pt too high) has occurred while \output is active []


[81]
Overfull \vbox (3.06068pt too high) has occurred while \output is active []


[82]
Overfull \vbox (3.06068pt too high) has occurred while \output is active []


[83]
Overfull \vbox (3.06068pt too high) has occurred while \output is active []


[84]
Overfull \vbox (3.06068pt too high) has occurred while \output is active []


[85]
Overfull \vbox (3.06068pt too high) has occurred while \output is active []


[86]
Underfull \hbox (badness 10000) in paragraph at lines 11331--11331
[] \T1/txtt/m/n/10 $CLK =$\OML/txmi/m/it/10 >$ \T1/txtt/m/n/10 conpro_system_cl
k'event and conpro_system_clk = '1'
 []


Underfull \hbox (badness 10000) in paragraph at lines 11331--11331
[] \T1/txtt/m/n/10 $CLK =$\OML/txmi/m/it/10 >$ \T1/txtt/m/n/10 conpro_system_cl
k'event and conpro_system_clk = '0'
 []


Overfull \vbox (3.06068pt too high) has occurred while \output is active []


[87]
Overfull \vbox (3.06068pt too high) has occurred while \output is active []


[88]
Overfull \vbox (3.06068pt too high) has occurred while \output is active []


[89]
Underfull \hbox (badness 10000) in paragraph at lines 11490--11490
[] \T1/txtt/m/n/10 statement ::= single-statement $\OMS/txsy/m/n/10 j$ \T1/txtt
/m/n/10 'begin' statement-list 'end'
 []


Overfull \vbox (3.06068pt too high) has occurred while \output is active []


[90]
Underfull \hbox (badness 10000) in paragraph at lines 11600--11600
[]        \T1/txtt/m/n/10 "[actual = ",$clock / (($clock / (16 * $ARG1))*16),"]

 []


Overfull \vbox (3.06068pt too high) has occurred while \output is active []


[91]
Overfull \vbox (3.06068pt too high) has occurred while \output is active []


[92]
Overfull \vbox (3.06068pt too high) has occurred while \output is active []


[93]
Underfull \hbox (badness 10000) in paragraph at lines 11837--11837
[]             \T1/txtt/m/n/10 if TIMER_$O_$p_AWAIT = '1' and TIMER_$O_$p_LOCKe
d  =
 []


Overfull \vbox (3.06068pt too high) has occurred while \output is active []


[94]
Underfull \hbox (badness 10000) in paragraph at lines 11837--11837
[]                 \T1/txtt/m/n/10 if TIMER_$O_$p_TIME = index($time,$this_time
)
 []


Overfull \hbox (8.453pt too wide) in paragraph at lines 11837--11837
[]                             \T1/txtt/m/n/10 width((max($time)*$clock)/100000
0000)); 
 []


Overfull \hbox (2.6367pt too wide) in paragraph at lines 11837--11837
[]                  \T1/txtt/m/n/10 to_logic(0,width((max($time)*$clock)/100000
0000))
 []


Overfull \vbox (3.06068pt too high) has occurred while \output is active []


[95]
Overfull \vbox (5.6907pt too high) has occurred while \output is active []


[96] [97

]
Overfull \vbox (5.6907pt too high) has occurred while \output is active []


[98]
Overfull \vbox (5.6907pt too high) has occurred while \output is active []


[99]
Overfull \vbox (5.6907pt too high) has occurred while \output is active []


[100]
Overfull \vbox (5.6907pt too high) has occurred while \output is active []


[101]
Underfull \hbox (badness 10000) in paragraph at lines 12151--12151
[]   \T1/txtt/m/n/10 write_line ($TCL,"read -technology " + $LIBRARY + " {" + $
FILES
 []


Underfull \hbox (badness 10000) in paragraph at lines 12151--12151
[]   \T1/txtt/m/n/10 write_line ($TCL,"pre_optimize -common_logic -unused_logic

 []


Overfull \vbox (5.6907pt too high) has occurred while \output is active []


[102]
Underfull \hbox (badness 3872) in paragraph at lines 12203--12204
[]\T1/txss/m/n/12 If \T1/txtt/m/n/12 type'a=string \T1/txss/m/n/12 this op-er-a
-tion con-cate-nates both string
 []


Overfull \vbox (5.6907pt too high) has occurred while \output is active []


[103]
Underfull \hbox (badness 10000) in paragraph at lines 12320--12320
[]   \T1/txtt/m/n/10 write_line ($TCL,"read -technology " + $LIBRARY + " {" + $
FILES
 []


Underfull \hbox (badness 10000) in paragraph at lines 12320--12320
[]   \T1/txtt/m/n/10 write_line ($TCL,"pre_optimize -common_logic -unused_logic

 []


Underfull \hbox (badness 10000) in paragraph at lines 12320--12320
[]                    \T1/txtt/m/n/10 ".main -target sxlib -macro -area -effort

 []


Underfull \hbox (badness 10000) in paragraph at lines 12320--12320
[]   \T1/txtt/m/n/10 write_line ($TCL,"report_area -cell_usage -hierarchy
 []


Underfull \hbox (badness 10000) in paragraph at lines 12320--12320
[]   \T1/txtt/m/n/10 write_line ($TCL,"report_delay  -num_paths 1 -critical_pat
hs
 []


Underfull \hbox (badness 10000) in paragraph at lines 12320--12320
[]   \T1/txtt/m/n/10 $res $\OML/txmi/m/it/10 <$\T1/txtt/m/n/10 = exec($  write_
line ($TCL,"set novendor_constraint_file
 []


Overfull \vbox (5.81851pt too high) has occurred while \output is active []


[104] [105

] [106

] [107

] [108

] (./conpro2.aux (./conpro2_toc.aux)) ) 
Here is how much of TeX's memory you used:
 6150 strings out of 94501
 79620 string characters out of 1161794
 172494 words of memory out of 1000000
 9146 multiletter control sequences out of 10000+50000
 73531 words of font info for 149 fonts, out of 500000 for 2000
 580 hyphenation exceptions out of 1000
 33i,13n,31p,707b,325s stack positions out of 1500i,500n,5000p,200000b,5000s

Output written on conpro2.dvi (110 pages, 469868 bytes).
