   0  $accept : %entry% $end

   1  main : section EOI

   2  section : S_VERSION STRING
   3          | S_PARAMETER BEGIN params END
   4          | S_TARGETS BEGIN targets END
   5          | name SEP1 S_FUN BEGIN instructions END
   6          | name SEP1 S_FUN LPAREN expr RPAREN BEGIN instructions END
   7          | S_TARGETS BEGIN targets END
   8          | S_TARGETS LPAREN expr RPAREN BEGIN targets END

   9  params : instruction EOI
  10         | instruction EOI params

  11  targets : target EOI
  12          | target EOI targets

  13  target : name SEP1 S_TARGET BEGIN instructions END
  14         | name SEP1 S_TARGET LPAREN expr RPAREN BEGIN instructions END

  15  data_exprs : data_expr EOI
  16             | data_expr EOI data_exprs

  17  control_exprs : control_expr EOI
  18                | control_expr EOI control_exprs

  19  data_expr : element ASSIGN expr

  20  control_expr : IF expr THEN block_instr
  21               | IF expr THEN block_instr ELSE block_instr
  22               | MATCH expr WITH BEGIN when_list END
  23               | FOR expr EQ range DO block_instr
  24               | FOREACH VAR IDENT IN VAR IDENT DO block_instr
  25               | FOREACH VAR IDENT IN name LPAREN VAR IDENT RPAREN DO block_instr
  26               | func

  27  block_instr : instruction
  28              | BEGIN instructions END

  29  when_list : when_expr
  30            | when_expr when_list

  31  when_expr : WHEN expr SEP1 instructions

  32  var_name : VAR IDENT

  33  name_list : name
  34            | name SEP2 name_list

  35  name : IDENT
  36       | VAR IDENT

  37  func : name LPAREN arg_list RPAREN
  38       | name LPAREN RPAREN

  39  arg_list : arg
  40           | arg SEP2 arg_list

  41  arg : expr

  42  instructions : instruction EOI
  43               | instruction EOI instructions

  44  instruction : data_expr
  45              | control_expr
  46              | FOREACH VAR IDENT IN VAR IDENT DO block_instr

  47  expr : expr PLUS expr
  48       | MINUS expr
  49       | expr MINUS expr
  50       | expr TIMES expr
  51       | expr DIVI expr
  52       | expr EQ expr
  53       | expr LT expr
  54       | expr GT expr
  55       | expr ASSIGN expr
  56       | expr GEQ expr
  57       | expr NEQ expr
  58       | expr AND expr
  59       | expr OR expr
  60       | expr XOR expr
  61       | LPAREN expr RPAREN
  62       | element
  63       | func

  64  range : expr DOWNTO expr
  65        | expr TO expr
  66        | expr

  67  element : STRING
  68          | VALUE
  69          | name
  70          | name DOT LBRAK range RBRAK
  71          | name DOT name

  72  %entry% : '\001' main

state 0
	$accept : . %entry% $end  (0)

	'\001'  shift 1
	.  error

	%entry%  goto 2


state 1
	%entry% : '\001' . main  (72)

	IDENT  shift 3
	S_VERSION  shift 4
	S_PARAMETER  shift 5
	S_TARGETS  shift 6
	VAR  shift 7
	.  error

	main  goto 8
	section  goto 9
	name  goto 10


state 2
	$accept : %entry% . $end  (0)

	$end  accept


state 3
	name : IDENT .  (35)

	.  reduce 35


state 4
	section : S_VERSION . STRING  (2)

	STRING  shift 11
	.  error


state 5
	section : S_PARAMETER . BEGIN params END  (3)

	BEGIN  shift 12
	.  error


state 6
	section : S_TARGETS . BEGIN targets END  (4)
	section : S_TARGETS . BEGIN targets END  (7)
	section : S_TARGETS . LPAREN expr RPAREN BEGIN targets END  (8)

	BEGIN  shift 13
	LPAREN  shift 14
	.  error


state 7
	name : VAR . IDENT  (36)

	IDENT  shift 15
	.  error


state 8
	%entry% : '\001' main .  (72)

	.  reduce 72


state 9
	main : section . EOI  (1)

	EOI  shift 16
	.  error


state 10
	section : name . SEP1 S_FUN BEGIN instructions END  (5)
	section : name . SEP1 S_FUN LPAREN expr RPAREN BEGIN instructions END  (6)

	SEP1  shift 17
	.  error


state 11
	section : S_VERSION STRING .  (2)

	.  reduce 2


state 12
	section : S_PARAMETER BEGIN . params END  (3)

	STRING  shift 18
	IDENT  shift 3
	VALUE  shift 19
	FOREACH  shift 20
	FOR  shift 21
	IF  shift 22
	MATCH  shift 23
	VAR  shift 7
	.  error

	params  goto 24
	name  goto 25
	instruction  goto 26
	data_expr  goto 27
	control_expr  goto 28
	element  goto 29
	func  goto 30


state 13
	section : S_TARGETS BEGIN . targets END  (4)
	section : S_TARGETS BEGIN . targets END  (7)

	IDENT  shift 3
	VAR  shift 7
	.  error

	targets  goto 31
	name  goto 32
	target  goto 33


state 14
	section : S_TARGETS LPAREN . expr RPAREN BEGIN targets END  (8)

	STRING  shift 18
	IDENT  shift 3
	VALUE  shift 19
	VAR  shift 7
	LPAREN  shift 34
	MINUS  shift 35
	.  error

	name  goto 25
	expr  goto 36
	element  goto 37
	func  goto 38


state 15
	name : VAR IDENT .  (36)

	.  reduce 36


state 16
	main : section EOI .  (1)

	.  reduce 1


state 17
	section : name SEP1 . S_FUN BEGIN instructions END  (5)
	section : name SEP1 . S_FUN LPAREN expr RPAREN BEGIN instructions END  (6)

	S_FUN  shift 39
	.  error


state 18
	element : STRING .  (67)

	.  reduce 67


state 19
	element : VALUE .  (68)

	.  reduce 68


state 20
	control_expr : FOREACH . VAR IDENT IN VAR IDENT DO block_instr  (24)
	control_expr : FOREACH . VAR IDENT IN name LPAREN VAR IDENT RPAREN DO block_instr  (25)
	instruction : FOREACH . VAR IDENT IN VAR IDENT DO block_instr  (46)

	VAR  shift 40
	.  error


state 21
	control_expr : FOR . expr EQ range DO block_instr  (23)

	STRING  shift 18
	IDENT  shift 3
	VALUE  shift 19
	VAR  shift 7
	LPAREN  shift 34
	MINUS  shift 35
	.  error

	name  goto 25
	expr  goto 41
	element  goto 37
	func  goto 38


state 22
	control_expr : IF . expr THEN block_instr  (20)
	control_expr : IF . expr THEN block_instr ELSE block_instr  (21)

	STRING  shift 18
	IDENT  shift 3
	VALUE  shift 19
	VAR  shift 7
	LPAREN  shift 34
	MINUS  shift 35
	.  error

	name  goto 25
	expr  goto 42
	element  goto 37
	func  goto 38


state 23
	control_expr : MATCH . expr WITH BEGIN when_list END  (22)

	STRING  shift 18
	IDENT  shift 3
	VALUE  shift 19
	VAR  shift 7
	LPAREN  shift 34
	MINUS  shift 35
	.  error

	name  goto 25
	expr  goto 43
	element  goto 37
	func  goto 38


state 24
	section : S_PARAMETER BEGIN params . END  (3)

	END  shift 44
	.  error


state 25
	func : name . LPAREN arg_list RPAREN  (37)
	func : name . LPAREN RPAREN  (38)
	element : name .  (69)
	element : name . DOT LBRAK range RBRAK  (70)
	element : name . DOT name  (71)

	DOT  shift 45
	LPAREN  shift 46
	DO  reduce 69
	THEN  reduce 69
	ELSE  reduce 69
	WITH  reduce 69
	EOI  reduce 69
	SEP1  reduce 69
	SEP2  reduce 69
	RPAREN  reduce 69
	RBRAK  reduce 69
	EQ  reduce 69
	NEQ  reduce 69
	LT  reduce 69
	GT  reduce 69
	ASSIGN  reduce 69
	GEQ  reduce 69
	PLUS  reduce 69
	MINUS  reduce 69
	TIMES  reduce 69
	DIVI  reduce 69
	AND  reduce 69
	OR  reduce 69
	XOR  reduce 69
	TO  reduce 69
	DOWNTO  reduce 69


state 26
	params : instruction . EOI  (9)
	params : instruction . EOI params  (10)

	EOI  shift 47
	.  error


state 27
	instruction : data_expr .  (44)

	.  reduce 44


state 28
	instruction : control_expr .  (45)

	.  reduce 45


state 29
	data_expr : element . ASSIGN expr  (19)

	ASSIGN  shift 48
	.  error


state 30
	control_expr : func .  (26)

	.  reduce 26


state 31
	section : S_TARGETS BEGIN targets . END  (4)
	section : S_TARGETS BEGIN targets . END  (7)

	END  shift 49
	.  error


state 32
	target : name . SEP1 S_TARGET BEGIN instructions END  (13)
	target : name . SEP1 S_TARGET LPAREN expr RPAREN BEGIN instructions END  (14)

	SEP1  shift 50
	.  error


state 33
	targets : target . EOI  (11)
	targets : target . EOI targets  (12)

	EOI  shift 51
	.  error


state 34
	expr : LPAREN . expr RPAREN  (61)

	STRING  shift 18
	IDENT  shift 3
	VALUE  shift 19
	VAR  shift 7
	LPAREN  shift 34
	MINUS  shift 35
	.  error

	name  goto 25
	expr  goto 52
	element  goto 37
	func  goto 38


state 35
	expr : MINUS . expr  (48)

	STRING  shift 18
	IDENT  shift 3
	VALUE  shift 19
	VAR  shift 7
	LPAREN  shift 34
	MINUS  shift 35
	.  error

	name  goto 25
	expr  goto 53
	element  goto 37
	func  goto 38


state 36
	section : S_TARGETS LPAREN expr . RPAREN BEGIN targets END  (8)
	expr : expr . PLUS expr  (47)
	expr : expr . MINUS expr  (49)
	expr : expr . TIMES expr  (50)
	expr : expr . DIVI expr  (51)
	expr : expr . EQ expr  (52)
	expr : expr . LT expr  (53)
	expr : expr . GT expr  (54)
	expr : expr . ASSIGN expr  (55)
	expr : expr . GEQ expr  (56)
	expr : expr . NEQ expr  (57)
	expr : expr . AND expr  (58)
	expr : expr . OR expr  (59)
	expr : expr . XOR expr  (60)

	RPAREN  shift 54
	EQ  shift 55
	NEQ  shift 56
	LT  shift 57
	GT  shift 58
	ASSIGN  shift 59
	GEQ  shift 60
	PLUS  shift 61
	MINUS  shift 62
	TIMES  shift 63
	DIVI  shift 64
	AND  shift 65
	OR  shift 66
	XOR  shift 67
	.  error


state 37
	expr : element .  (62)

	.  reduce 62


state 38
	expr : func .  (63)

	.  reduce 63


state 39
	section : name SEP1 S_FUN . BEGIN instructions END  (5)
	section : name SEP1 S_FUN . LPAREN expr RPAREN BEGIN instructions END  (6)

	BEGIN  shift 68
	LPAREN  shift 69
	.  error


state 40
	control_expr : FOREACH VAR . IDENT IN VAR IDENT DO block_instr  (24)
	control_expr : FOREACH VAR . IDENT IN name LPAREN VAR IDENT RPAREN DO block_instr  (25)
	instruction : FOREACH VAR . IDENT IN VAR IDENT DO block_instr  (46)

	IDENT  shift 70
	.  error


state 41
	control_expr : FOR expr . EQ range DO block_instr  (23)
	expr : expr . PLUS expr  (47)
	expr : expr . MINUS expr  (49)
	expr : expr . TIMES expr  (50)
	expr : expr . DIVI expr  (51)
	expr : expr . EQ expr  (52)
	expr : expr . LT expr  (53)
	expr : expr . GT expr  (54)
	expr : expr . ASSIGN expr  (55)
	expr : expr . GEQ expr  (56)
	expr : expr . NEQ expr  (57)
	expr : expr . AND expr  (58)
	expr : expr . OR expr  (59)
	expr : expr . XOR expr  (60)

	EQ  shift 71
	NEQ  shift 56
	LT  shift 57
	GT  shift 58
	ASSIGN  shift 59
	GEQ  shift 60
	PLUS  shift 61
	MINUS  shift 62
	TIMES  shift 63
	DIVI  shift 64
	AND  shift 65
	OR  shift 66
	XOR  shift 67
	.  error


state 42
	control_expr : IF expr . THEN block_instr  (20)
	control_expr : IF expr . THEN block_instr ELSE block_instr  (21)
	expr : expr . PLUS expr  (47)
	expr : expr . MINUS expr  (49)
	expr : expr . TIMES expr  (50)
	expr : expr . DIVI expr  (51)
	expr : expr . EQ expr  (52)
	expr : expr . LT expr  (53)
	expr : expr . GT expr  (54)
	expr : expr . ASSIGN expr  (55)
	expr : expr . GEQ expr  (56)
	expr : expr . NEQ expr  (57)
	expr : expr . AND expr  (58)
	expr : expr . OR expr  (59)
	expr : expr . XOR expr  (60)

	THEN  shift 72
	EQ  shift 55
	NEQ  shift 56
	LT  shift 57
	GT  shift 58
	ASSIGN  shift 59
	GEQ  shift 60
	PLUS  shift 61
	MINUS  shift 62
	TIMES  shift 63
	DIVI  shift 64
	AND  shift 65
	OR  shift 66
	XOR  shift 67
	.  error


state 43
	control_expr : MATCH expr . WITH BEGIN when_list END  (22)
	expr : expr . PLUS expr  (47)
	expr : expr . MINUS expr  (49)
	expr : expr . TIMES expr  (50)
	expr : expr . DIVI expr  (51)
	expr : expr . EQ expr  (52)
	expr : expr . LT expr  (53)
	expr : expr . GT expr  (54)
	expr : expr . ASSIGN expr  (55)
	expr : expr . GEQ expr  (56)
	expr : expr . NEQ expr  (57)
	expr : expr . AND expr  (58)
	expr : expr . OR expr  (59)
	expr : expr . XOR expr  (60)

	WITH  shift 73
	EQ  shift 55
	NEQ  shift 56
	LT  shift 57
	GT  shift 58
	ASSIGN  shift 59
	GEQ  shift 60
	PLUS  shift 61
	MINUS  shift 62
	TIMES  shift 63
	DIVI  shift 64
	AND  shift 65
	OR  shift 66
	XOR  shift 67
	.  error


state 44
	section : S_PARAMETER BEGIN params END .  (3)

	.  reduce 3


state 45
	element : name DOT . LBRAK range RBRAK  (70)
	element : name DOT . name  (71)

	IDENT  shift 3
	VAR  shift 7
	LBRAK  shift 74
	.  error

	name  goto 75


state 46
	func : name LPAREN . arg_list RPAREN  (37)
	func : name LPAREN . RPAREN  (38)

	STRING  shift 18
	IDENT  shift 3
	VALUE  shift 19
	VAR  shift 7
	LPAREN  shift 34
	RPAREN  shift 76
	MINUS  shift 35
	.  error

	name  goto 25
	expr  goto 77
	element  goto 37
	func  goto 38
	arg_list  goto 78
	arg  goto 79


state 47
	params : instruction EOI .  (9)
	params : instruction EOI . params  (10)

	STRING  shift 18
	IDENT  shift 3
	VALUE  shift 19
	FOREACH  shift 20
	FOR  shift 21
	IF  shift 22
	MATCH  shift 23
	VAR  shift 7
	END  reduce 9

	params  goto 80
	name  goto 25
	instruction  goto 26
	data_expr  goto 27
	control_expr  goto 28
	element  goto 29
	func  goto 30


state 48
	data_expr : element ASSIGN . expr  (19)

	STRING  shift 18
	IDENT  shift 3
	VALUE  shift 19
	VAR  shift 7
	LPAREN  shift 34
	MINUS  shift 35
	.  error

	name  goto 25
	expr  goto 81
	element  goto 37
	func  goto 38


49: reduce/reduce conflict (reduce 4, reduce 7) on EOI
state 49
	section : S_TARGETS BEGIN targets END .  (4)
	section : S_TARGETS BEGIN targets END .  (7)

	.  reduce 4


state 50
	target : name SEP1 . S_TARGET BEGIN instructions END  (13)
	target : name SEP1 . S_TARGET LPAREN expr RPAREN BEGIN instructions END  (14)

	S_TARGET  shift 82
	.  error


state 51
	targets : target EOI .  (11)
	targets : target EOI . targets  (12)

	IDENT  shift 3
	VAR  shift 7
	END  reduce 11

	targets  goto 83
	name  goto 32
	target  goto 33


state 52
	expr : expr . PLUS expr  (47)
	expr : expr . MINUS expr  (49)
	expr : expr . TIMES expr  (50)
	expr : expr . DIVI expr  (51)
	expr : expr . EQ expr  (52)
	expr : expr . LT expr  (53)
	expr : expr . GT expr  (54)
	expr : expr . ASSIGN expr  (55)
	expr : expr . GEQ expr  (56)
	expr : expr . NEQ expr  (57)
	expr : expr . AND expr  (58)
	expr : expr . OR expr  (59)
	expr : expr . XOR expr  (60)
	expr : LPAREN expr . RPAREN  (61)

	RPAREN  shift 84
	EQ  shift 55
	NEQ  shift 56
	LT  shift 57
	GT  shift 58
	ASSIGN  shift 59
	GEQ  shift 60
	PLUS  shift 61
	MINUS  shift 62
	TIMES  shift 63
	DIVI  shift 64
	AND  shift 65
	OR  shift 66
	XOR  shift 67
	.  error


53: shift/reduce conflict (shift 59, reduce 48) on ASSIGN
53: shift/reduce conflict (shift 67, reduce 48) on XOR
state 53
	expr : expr . PLUS expr  (47)
	expr : MINUS expr .  (48)
	expr : expr . MINUS expr  (49)
	expr : expr . TIMES expr  (50)
	expr : expr . DIVI expr  (51)
	expr : expr . EQ expr  (52)
	expr : expr . LT expr  (53)
	expr : expr . GT expr  (54)
	expr : expr . ASSIGN expr  (55)
	expr : expr . GEQ expr  (56)
	expr : expr . NEQ expr  (57)
	expr : expr . AND expr  (58)
	expr : expr . OR expr  (59)
	expr : expr . XOR expr  (60)

	EQ  shift 55
	NEQ  shift 56
	LT  shift 57
	GT  shift 58
	ASSIGN  shift 59
	GEQ  shift 60
	TIMES  shift 63
	DIVI  shift 64
	AND  shift 65
	OR  shift 66
	XOR  shift 67
	DO  reduce 48
	THEN  reduce 48
	ELSE  reduce 48
	WITH  reduce 48
	EOI  reduce 48
	SEP1  reduce 48
	SEP2  reduce 48
	RPAREN  reduce 48
	RBRAK  reduce 48
	PLUS  reduce 48
	MINUS  reduce 48
	TO  reduce 48
	DOWNTO  reduce 48


state 54
	section : S_TARGETS LPAREN expr RPAREN . BEGIN targets END  (8)

	BEGIN  shift 85
	.  error


state 55
	expr : expr EQ . expr  (52)

	STRING  shift 18
	IDENT  shift 3
	VALUE  shift 19
	VAR  shift 7
	LPAREN  shift 34
	MINUS  shift 35
	.  error

	name  goto 25
	expr  goto 86
	element  goto 37
	func  goto 38


state 56
	expr : expr NEQ . expr  (57)

	STRING  shift 18
	IDENT  shift 3
	VALUE  shift 19
	VAR  shift 7
	LPAREN  shift 34
	MINUS  shift 35
	.  error

	name  goto 25
	expr  goto 87
	element  goto 37
	func  goto 38


state 57
	expr : expr LT . expr  (53)

	STRING  shift 18
	IDENT  shift 3
	VALUE  shift 19
	VAR  shift 7
	LPAREN  shift 34
	MINUS  shift 35
	.  error

	name  goto 25
	expr  goto 88
	element  goto 37
	func  goto 38


state 58
	expr : expr GT . expr  (54)

	STRING  shift 18
	IDENT  shift 3
	VALUE  shift 19
	VAR  shift 7
	LPAREN  shift 34
	MINUS  shift 35
	.  error

	name  goto 25
	expr  goto 89
	element  goto 37
	func  goto 38


state 59
	expr : expr ASSIGN . expr  (55)

	STRING  shift 18
	IDENT  shift 3
	VALUE  shift 19
	VAR  shift 7
	LPAREN  shift 34
	MINUS  shift 35
	.  error

	name  goto 25
	expr  goto 90
	element  goto 37
	func  goto 38


state 60
	expr : expr GEQ . expr  (56)

	STRING  shift 18
	IDENT  shift 3
	VALUE  shift 19
	VAR  shift 7
	LPAREN  shift 34
	MINUS  shift 35
	.  error

	name  goto 25
	expr  goto 91
	element  goto 37
	func  goto 38


state 61
	expr : expr PLUS . expr  (47)

	STRING  shift 18
	IDENT  shift 3
	VALUE  shift 19
	VAR  shift 7
	LPAREN  shift 34
	MINUS  shift 35
	.  error

	name  goto 25
	expr  goto 92
	element  goto 37
	func  goto 38


state 62
	expr : expr MINUS . expr  (49)

	STRING  shift 18
	IDENT  shift 3
	VALUE  shift 19
	VAR  shift 7
	LPAREN  shift 34
	MINUS  shift 35
	.  error

	name  goto 25
	expr  goto 93
	element  goto 37
	func  goto 38


state 63
	expr : expr TIMES . expr  (50)

	STRING  shift 18
	IDENT  shift 3
	VALUE  shift 19
	VAR  shift 7
	LPAREN  shift 34
	MINUS  shift 35
	.  error

	name  goto 25
	expr  goto 94
	element  goto 37
	func  goto 38


state 64
	expr : expr DIVI . expr  (51)

	STRING  shift 18
	IDENT  shift 3
	VALUE  shift 19
	VAR  shift 7
	LPAREN  shift 34
	MINUS  shift 35
	.  error

	name  goto 25
	expr  goto 95
	element  goto 37
	func  goto 38


state 65
	expr : expr AND . expr  (58)

	STRING  shift 18
	IDENT  shift 3
	VALUE  shift 19
	VAR  shift 7
	LPAREN  shift 34
	MINUS  shift 35
	.  error

	name  goto 25
	expr  goto 96
	element  goto 37
	func  goto 38


state 66
	expr : expr OR . expr  (59)

	STRING  shift 18
	IDENT  shift 3
	VALUE  shift 19
	VAR  shift 7
	LPAREN  shift 34
	MINUS  shift 35
	.  error

	name  goto 25
	expr  goto 97
	element  goto 37
	func  goto 38


state 67
	expr : expr XOR . expr  (60)

	STRING  shift 18
	IDENT  shift 3
	VALUE  shift 19
	VAR  shift 7
	LPAREN  shift 34
	MINUS  shift 35
	.  error

	name  goto 25
	expr  goto 98
	element  goto 37
	func  goto 38


state 68
	section : name SEP1 S_FUN BEGIN . instructions END  (5)

	STRING  shift 18
	IDENT  shift 3
	VALUE  shift 19
	FOREACH  shift 20
	FOR  shift 21
	IF  shift 22
	MATCH  shift 23
	VAR  shift 7
	.  error

	name  goto 25
	instructions  goto 99
	instruction  goto 100
	data_expr  goto 27
	control_expr  goto 28
	element  goto 29
	func  goto 30


state 69
	section : name SEP1 S_FUN LPAREN . expr RPAREN BEGIN instructions END  (6)

	STRING  shift 18
	IDENT  shift 3
	VALUE  shift 19
	VAR  shift 7
	LPAREN  shift 34
	MINUS  shift 35
	.  error

	name  goto 25
	expr  goto 101
	element  goto 37
	func  goto 38


state 70
	control_expr : FOREACH VAR IDENT . IN VAR IDENT DO block_instr  (24)
	control_expr : FOREACH VAR IDENT . IN name LPAREN VAR IDENT RPAREN DO block_instr  (25)
	instruction : FOREACH VAR IDENT . IN VAR IDENT DO block_instr  (46)

	IN  shift 102
	.  error


state 71
	control_expr : FOR expr EQ . range DO block_instr  (23)
	expr : expr EQ . expr  (52)

	STRING  shift 18
	IDENT  shift 3
	VALUE  shift 19
	VAR  shift 7
	LPAREN  shift 34
	MINUS  shift 35
	.  error

	name  goto 25
	expr  goto 103
	element  goto 37
	range  goto 104
	func  goto 38


state 72
	control_expr : IF expr THEN . block_instr  (20)
	control_expr : IF expr THEN . block_instr ELSE block_instr  (21)

	STRING  shift 18
	IDENT  shift 3
	VALUE  shift 19
	FOREACH  shift 20
	FOR  shift 21
	IF  shift 22
	BEGIN  shift 105
	MATCH  shift 23
	VAR  shift 7
	.  error

	name  goto 25
	instruction  goto 106
	data_expr  goto 27
	control_expr  goto 28
	element  goto 29
	block_instr  goto 107
	func  goto 30


state 73
	control_expr : MATCH expr WITH . BEGIN when_list END  (22)

	BEGIN  shift 108
	.  error


state 74
	element : name DOT LBRAK . range RBRAK  (70)

	STRING  shift 18
	IDENT  shift 3
	VALUE  shift 19
	VAR  shift 7
	LPAREN  shift 34
	MINUS  shift 35
	.  error

	name  goto 25
	expr  goto 109
	element  goto 37
	range  goto 110
	func  goto 38


state 75
	element : name DOT name .  (71)

	.  reduce 71


state 76
	func : name LPAREN RPAREN .  (38)

	.  reduce 38


state 77
	arg : expr .  (41)
	expr : expr . PLUS expr  (47)
	expr : expr . MINUS expr  (49)
	expr : expr . TIMES expr  (50)
	expr : expr . DIVI expr  (51)
	expr : expr . EQ expr  (52)
	expr : expr . LT expr  (53)
	expr : expr . GT expr  (54)
	expr : expr . ASSIGN expr  (55)
	expr : expr . GEQ expr  (56)
	expr : expr . NEQ expr  (57)
	expr : expr . AND expr  (58)
	expr : expr . OR expr  (59)
	expr : expr . XOR expr  (60)

	EQ  shift 55
	NEQ  shift 56
	LT  shift 57
	GT  shift 58
	ASSIGN  shift 59
	GEQ  shift 60
	PLUS  shift 61
	MINUS  shift 62
	TIMES  shift 63
	DIVI  shift 64
	AND  shift 65
	OR  shift 66
	XOR  shift 67
	SEP2  reduce 41
	RPAREN  reduce 41


state 78
	func : name LPAREN arg_list . RPAREN  (37)

	RPAREN  shift 111
	.  error


state 79
	arg_list : arg .  (39)
	arg_list : arg . SEP2 arg_list  (40)

	SEP2  shift 112
	RPAREN  reduce 39


state 80
	params : instruction EOI params .  (10)

	.  reduce 10


state 81
	data_expr : element ASSIGN expr .  (19)
	expr : expr . PLUS expr  (47)
	expr : expr . MINUS expr  (49)
	expr : expr . TIMES expr  (50)
	expr : expr . DIVI expr  (51)
	expr : expr . EQ expr  (52)
	expr : expr . LT expr  (53)
	expr : expr . GT expr  (54)
	expr : expr . ASSIGN expr  (55)
	expr : expr . GEQ expr  (56)
	expr : expr . NEQ expr  (57)
	expr : expr . AND expr  (58)
	expr : expr . OR expr  (59)
	expr : expr . XOR expr  (60)

	EQ  shift 55
	NEQ  shift 56
	LT  shift 57
	GT  shift 58
	ASSIGN  shift 59
	GEQ  shift 60
	PLUS  shift 61
	MINUS  shift 62
	TIMES  shift 63
	DIVI  shift 64
	AND  shift 65
	OR  shift 66
	XOR  shift 67
	ELSE  reduce 19
	EOI  reduce 19


state 82
	target : name SEP1 S_TARGET . BEGIN instructions END  (13)
	target : name SEP1 S_TARGET . LPAREN expr RPAREN BEGIN instructions END  (14)

	BEGIN  shift 113
	LPAREN  shift 114
	.  error


state 83
	targets : target EOI targets .  (12)

	.  reduce 12


state 84
	expr : LPAREN expr RPAREN .  (61)

	.  reduce 61


state 85
	section : S_TARGETS LPAREN expr RPAREN BEGIN . targets END  (8)

	IDENT  shift 3
	VAR  shift 7
	.  error

	targets  goto 115
	name  goto 32
	target  goto 33


86: shift/reduce conflict (shift 59, reduce 52) on ASSIGN
86: shift/reduce conflict (shift 67, reduce 52) on XOR
state 86
	expr : expr . PLUS expr  (47)
	expr : expr . MINUS expr  (49)
	expr : expr . TIMES expr  (50)
	expr : expr . DIVI expr  (51)
	expr : expr . EQ expr  (52)
	expr : expr EQ expr .  (52)
	expr : expr . LT expr  (53)
	expr : expr . GT expr  (54)
	expr : expr . ASSIGN expr  (55)
	expr : expr . GEQ expr  (56)
	expr : expr . NEQ expr  (57)
	expr : expr . AND expr  (58)
	expr : expr . OR expr  (59)
	expr : expr . XOR expr  (60)

	ASSIGN  shift 59
	XOR  shift 67
	DO  reduce 52
	THEN  reduce 52
	ELSE  reduce 52
	WITH  reduce 52
	EOI  reduce 52
	SEP1  reduce 52
	SEP2  reduce 52
	RPAREN  reduce 52
	RBRAK  reduce 52
	EQ  reduce 52
	NEQ  reduce 52
	LT  reduce 52
	GT  reduce 52
	GEQ  reduce 52
	PLUS  reduce 52
	MINUS  reduce 52
	TIMES  reduce 52
	DIVI  reduce 52
	AND  reduce 52
	OR  reduce 52
	TO  reduce 52
	DOWNTO  reduce 52


87: shift/reduce conflict (shift 59, reduce 57) on ASSIGN
87: shift/reduce conflict (shift 67, reduce 57) on XOR
state 87
	expr : expr . PLUS expr  (47)
	expr : expr . MINUS expr  (49)
	expr : expr . TIMES expr  (50)
	expr : expr . DIVI expr  (51)
	expr : expr . EQ expr  (52)
	expr : expr . LT expr  (53)
	expr : expr . GT expr  (54)
	expr : expr . ASSIGN expr  (55)
	expr : expr . GEQ expr  (56)
	expr : expr . NEQ expr  (57)
	expr : expr NEQ expr .  (57)
	expr : expr . AND expr  (58)
	expr : expr . OR expr  (59)
	expr : expr . XOR expr  (60)

	ASSIGN  shift 59
	XOR  shift 67
	DO  reduce 57
	THEN  reduce 57
	ELSE  reduce 57
	WITH  reduce 57
	EOI  reduce 57
	SEP1  reduce 57
	SEP2  reduce 57
	RPAREN  reduce 57
	RBRAK  reduce 57
	EQ  reduce 57
	NEQ  reduce 57
	LT  reduce 57
	GT  reduce 57
	GEQ  reduce 57
	PLUS  reduce 57
	MINUS  reduce 57
	TIMES  reduce 57
	DIVI  reduce 57
	AND  reduce 57
	OR  reduce 57
	TO  reduce 57
	DOWNTO  reduce 57


88: shift/reduce conflict (shift 59, reduce 53) on ASSIGN
88: shift/reduce conflict (shift 67, reduce 53) on XOR
state 88
	expr : expr . PLUS expr  (47)
	expr : expr . MINUS expr  (49)
	expr : expr . TIMES expr  (50)
	expr : expr . DIVI expr  (51)
	expr : expr . EQ expr  (52)
	expr : expr . LT expr  (53)
	expr : expr LT expr .  (53)
	expr : expr . GT expr  (54)
	expr : expr . ASSIGN expr  (55)
	expr : expr . GEQ expr  (56)
	expr : expr . NEQ expr  (57)
	expr : expr . AND expr  (58)
	expr : expr . OR expr  (59)
	expr : expr . XOR expr  (60)

	ASSIGN  shift 59
	XOR  shift 67
	DO  reduce 53
	THEN  reduce 53
	ELSE  reduce 53
	WITH  reduce 53
	EOI  reduce 53
	SEP1  reduce 53
	SEP2  reduce 53
	RPAREN  reduce 53
	RBRAK  reduce 53
	EQ  reduce 53
	NEQ  reduce 53
	LT  reduce 53
	GT  reduce 53
	GEQ  reduce 53
	PLUS  reduce 53
	MINUS  reduce 53
	TIMES  reduce 53
	DIVI  reduce 53
	AND  reduce 53
	OR  reduce 53
	TO  reduce 53
	DOWNTO  reduce 53


89: shift/reduce conflict (shift 59, reduce 54) on ASSIGN
89: shift/reduce conflict (shift 67, reduce 54) on XOR
state 89
	expr : expr . PLUS expr  (47)
	expr : expr . MINUS expr  (49)
	expr : expr . TIMES expr  (50)
	expr : expr . DIVI expr  (51)
	expr : expr . EQ expr  (52)
	expr : expr . LT expr  (53)
	expr : expr . GT expr  (54)
	expr : expr GT expr .  (54)
	expr : expr . ASSIGN expr  (55)
	expr : expr . GEQ expr  (56)
	expr : expr . NEQ expr  (57)
	expr : expr . AND expr  (58)
	expr : expr . OR expr  (59)
	expr : expr . XOR expr  (60)

	ASSIGN  shift 59
	XOR  shift 67
	DO  reduce 54
	THEN  reduce 54
	ELSE  reduce 54
	WITH  reduce 54
	EOI  reduce 54
	SEP1  reduce 54
	SEP2  reduce 54
	RPAREN  reduce 54
	RBRAK  reduce 54
	EQ  reduce 54
	NEQ  reduce 54
	LT  reduce 54
	GT  reduce 54
	GEQ  reduce 54
	PLUS  reduce 54
	MINUS  reduce 54
	TIMES  reduce 54
	DIVI  reduce 54
	AND  reduce 54
	OR  reduce 54
	TO  reduce 54
	DOWNTO  reduce 54


90: shift/reduce conflict (shift 55, reduce 55) on EQ
90: shift/reduce conflict (shift 56, reduce 55) on NEQ
90: shift/reduce conflict (shift 57, reduce 55) on LT
90: shift/reduce conflict (shift 58, reduce 55) on GT
90: shift/reduce conflict (shift 59, reduce 55) on ASSIGN
90: shift/reduce conflict (shift 60, reduce 55) on GEQ
90: shift/reduce conflict (shift 61, reduce 55) on PLUS
90: shift/reduce conflict (shift 62, reduce 55) on MINUS
90: shift/reduce conflict (shift 63, reduce 55) on TIMES
90: shift/reduce conflict (shift 64, reduce 55) on DIVI
90: shift/reduce conflict (shift 65, reduce 55) on AND
90: shift/reduce conflict (shift 66, reduce 55) on OR
90: shift/reduce conflict (shift 67, reduce 55) on XOR
state 90
	expr : expr . PLUS expr  (47)
	expr : expr . MINUS expr  (49)
	expr : expr . TIMES expr  (50)
	expr : expr . DIVI expr  (51)
	expr : expr . EQ expr  (52)
	expr : expr . LT expr  (53)
	expr : expr . GT expr  (54)
	expr : expr . ASSIGN expr  (55)
	expr : expr ASSIGN expr .  (55)
	expr : expr . GEQ expr  (56)
	expr : expr . NEQ expr  (57)
	expr : expr . AND expr  (58)
	expr : expr . OR expr  (59)
	expr : expr . XOR expr  (60)

	EQ  shift 55
	NEQ  shift 56
	LT  shift 57
	GT  shift 58
	ASSIGN  shift 59
	GEQ  shift 60
	PLUS  shift 61
	MINUS  shift 62
	TIMES  shift 63
	DIVI  shift 64
	AND  shift 65
	OR  shift 66
	XOR  shift 67
	DO  reduce 55
	THEN  reduce 55
	ELSE  reduce 55
	WITH  reduce 55
	EOI  reduce 55
	SEP1  reduce 55
	SEP2  reduce 55
	RPAREN  reduce 55
	RBRAK  reduce 55
	TO  reduce 55
	DOWNTO  reduce 55


91: shift/reduce conflict (shift 59, reduce 56) on ASSIGN
91: shift/reduce conflict (shift 67, reduce 56) on XOR
state 91
	expr : expr . PLUS expr  (47)
	expr : expr . MINUS expr  (49)
	expr : expr . TIMES expr  (50)
	expr : expr . DIVI expr  (51)
	expr : expr . EQ expr  (52)
	expr : expr . LT expr  (53)
	expr : expr . GT expr  (54)
	expr : expr . ASSIGN expr  (55)
	expr : expr . GEQ expr  (56)
	expr : expr GEQ expr .  (56)
	expr : expr . NEQ expr  (57)
	expr : expr . AND expr  (58)
	expr : expr . OR expr  (59)
	expr : expr . XOR expr  (60)

	ASSIGN  shift 59
	XOR  shift 67
	DO  reduce 56
	THEN  reduce 56
	ELSE  reduce 56
	WITH  reduce 56
	EOI  reduce 56
	SEP1  reduce 56
	SEP2  reduce 56
	RPAREN  reduce 56
	RBRAK  reduce 56
	EQ  reduce 56
	NEQ  reduce 56
	LT  reduce 56
	GT  reduce 56
	GEQ  reduce 56
	PLUS  reduce 56
	MINUS  reduce 56
	TIMES  reduce 56
	DIVI  reduce 56
	AND  reduce 56
	OR  reduce 56
	TO  reduce 56
	DOWNTO  reduce 56


92: shift/reduce conflict (shift 59, reduce 47) on ASSIGN
92: shift/reduce conflict (shift 67, reduce 47) on XOR
state 92
	expr : expr . PLUS expr  (47)
	expr : expr PLUS expr .  (47)
	expr : expr . MINUS expr  (49)
	expr : expr . TIMES expr  (50)
	expr : expr . DIVI expr  (51)
	expr : expr . EQ expr  (52)
	expr : expr . LT expr  (53)
	expr : expr . GT expr  (54)
	expr : expr . ASSIGN expr  (55)
	expr : expr . GEQ expr  (56)
	expr : expr . NEQ expr  (57)
	expr : expr . AND expr  (58)
	expr : expr . OR expr  (59)
	expr : expr . XOR expr  (60)

	EQ  shift 55
	NEQ  shift 56
	LT  shift 57
	GT  shift 58
	ASSIGN  shift 59
	GEQ  shift 60
	TIMES  shift 63
	DIVI  shift 64
	AND  shift 65
	OR  shift 66
	XOR  shift 67
	DO  reduce 47
	THEN  reduce 47
	ELSE  reduce 47
	WITH  reduce 47
	EOI  reduce 47
	SEP1  reduce 47
	SEP2  reduce 47
	RPAREN  reduce 47
	RBRAK  reduce 47
	PLUS  reduce 47
	MINUS  reduce 47
	TO  reduce 47
	DOWNTO  reduce 47


93: shift/reduce conflict (shift 59, reduce 49) on ASSIGN
93: shift/reduce conflict (shift 67, reduce 49) on XOR
state 93
	expr : expr . PLUS expr  (47)
	expr : expr . MINUS expr  (49)
	expr : expr MINUS expr .  (49)
	expr : expr . TIMES expr  (50)
	expr : expr . DIVI expr  (51)
	expr : expr . EQ expr  (52)
	expr : expr . LT expr  (53)
	expr : expr . GT expr  (54)
	expr : expr . ASSIGN expr  (55)
	expr : expr . GEQ expr  (56)
	expr : expr . NEQ expr  (57)
	expr : expr . AND expr  (58)
	expr : expr . OR expr  (59)
	expr : expr . XOR expr  (60)

	EQ  shift 55
	NEQ  shift 56
	LT  shift 57
	GT  shift 58
	ASSIGN  shift 59
	GEQ  shift 60
	TIMES  shift 63
	DIVI  shift 64
	AND  shift 65
	OR  shift 66
	XOR  shift 67
	DO  reduce 49
	THEN  reduce 49
	ELSE  reduce 49
	WITH  reduce 49
	EOI  reduce 49
	SEP1  reduce 49
	SEP2  reduce 49
	RPAREN  reduce 49
	RBRAK  reduce 49
	PLUS  reduce 49
	MINUS  reduce 49
	TO  reduce 49
	DOWNTO  reduce 49


94: shift/reduce conflict (shift 59, reduce 50) on ASSIGN
94: shift/reduce conflict (shift 67, reduce 50) on XOR
state 94
	expr : expr . PLUS expr  (47)
	expr : expr . MINUS expr  (49)
	expr : expr . TIMES expr  (50)
	expr : expr TIMES expr .  (50)
	expr : expr . DIVI expr  (51)
	expr : expr . EQ expr  (52)
	expr : expr . LT expr  (53)
	expr : expr . GT expr  (54)
	expr : expr . ASSIGN expr  (55)
	expr : expr . GEQ expr  (56)
	expr : expr . NEQ expr  (57)
	expr : expr . AND expr  (58)
	expr : expr . OR expr  (59)
	expr : expr . XOR expr  (60)

	EQ  shift 55
	NEQ  shift 56
	LT  shift 57
	GT  shift 58
	ASSIGN  shift 59
	GEQ  shift 60
	AND  shift 65
	OR  shift 66
	XOR  shift 67
	DO  reduce 50
	THEN  reduce 50
	ELSE  reduce 50
	WITH  reduce 50
	EOI  reduce 50
	SEP1  reduce 50
	SEP2  reduce 50
	RPAREN  reduce 50
	RBRAK  reduce 50
	PLUS  reduce 50
	MINUS  reduce 50
	TIMES  reduce 50
	DIVI  reduce 50
	TO  reduce 50
	DOWNTO  reduce 50


95: shift/reduce conflict (shift 59, reduce 51) on ASSIGN
95: shift/reduce conflict (shift 67, reduce 51) on XOR
state 95
	expr : expr . PLUS expr  (47)
	expr : expr . MINUS expr  (49)
	expr : expr . TIMES expr  (50)
	expr : expr . DIVI expr  (51)
	expr : expr DIVI expr .  (51)
	expr : expr . EQ expr  (52)
	expr : expr . LT expr  (53)
	expr : expr . GT expr  (54)
	expr : expr . ASSIGN expr  (55)
	expr : expr . GEQ expr  (56)
	expr : expr . NEQ expr  (57)
	expr : expr . AND expr  (58)
	expr : expr . OR expr  (59)
	expr : expr . XOR expr  (60)

	EQ  shift 55
	NEQ  shift 56
	LT  shift 57
	GT  shift 58
	ASSIGN  shift 59
	GEQ  shift 60
	AND  shift 65
	OR  shift 66
	XOR  shift 67
	DO  reduce 51
	THEN  reduce 51
	ELSE  reduce 51
	WITH  reduce 51
	EOI  reduce 51
	SEP1  reduce 51
	SEP2  reduce 51
	RPAREN  reduce 51
	RBRAK  reduce 51
	PLUS  reduce 51
	MINUS  reduce 51
	TIMES  reduce 51
	DIVI  reduce 51
	TO  reduce 51
	DOWNTO  reduce 51


96: shift/reduce conflict (shift 59, reduce 58) on ASSIGN
96: shift/reduce conflict (shift 67, reduce 58) on XOR
state 96
	expr : expr . PLUS expr  (47)
	expr : expr . MINUS expr  (49)
	expr : expr . TIMES expr  (50)
	expr : expr . DIVI expr  (51)
	expr : expr . EQ expr  (52)
	expr : expr . LT expr  (53)
	expr : expr . GT expr  (54)
	expr : expr . ASSIGN expr  (55)
	expr : expr . GEQ expr  (56)
	expr : expr . NEQ expr  (57)
	expr : expr . AND expr  (58)
	expr : expr AND expr .  (58)
	expr : expr . OR expr  (59)
	expr : expr . XOR expr  (60)

	EQ  shift 55
	NEQ  shift 56
	LT  shift 57
	GT  shift 58
	ASSIGN  shift 59
	GEQ  shift 60
	XOR  shift 67
	DO  reduce 58
	THEN  reduce 58
	ELSE  reduce 58
	WITH  reduce 58
	EOI  reduce 58
	SEP1  reduce 58
	SEP2  reduce 58
	RPAREN  reduce 58
	RBRAK  reduce 58
	PLUS  reduce 58
	MINUS  reduce 58
	TIMES  reduce 58
	DIVI  reduce 58
	AND  reduce 58
	OR  reduce 58
	TO  reduce 58
	DOWNTO  reduce 58


97: shift/reduce conflict (shift 59, reduce 59) on ASSIGN
97: shift/reduce conflict (shift 67, reduce 59) on XOR
state 97
	expr : expr . PLUS expr  (47)
	expr : expr . MINUS expr  (49)
	expr : expr . TIMES expr  (50)
	expr : expr . DIVI expr  (51)
	expr : expr . EQ expr  (52)
	expr : expr . LT expr  (53)
	expr : expr . GT expr  (54)
	expr : expr . ASSIGN expr  (55)
	expr : expr . GEQ expr  (56)
	expr : expr . NEQ expr  (57)
	expr : expr . AND expr  (58)
	expr : expr . OR expr  (59)
	expr : expr OR expr .  (59)
	expr : expr . XOR expr  (60)

	EQ  shift 55
	NEQ  shift 56
	LT  shift 57
	GT  shift 58
	ASSIGN  shift 59
	GEQ  shift 60
	XOR  shift 67
	DO  reduce 59
	THEN  reduce 59
	ELSE  reduce 59
	WITH  reduce 59
	EOI  reduce 59
	SEP1  reduce 59
	SEP2  reduce 59
	RPAREN  reduce 59
	RBRAK  reduce 59
	PLUS  reduce 59
	MINUS  reduce 59
	TIMES  reduce 59
	DIVI  reduce 59
	AND  reduce 59
	OR  reduce 59
	TO  reduce 59
	DOWNTO  reduce 59


98: shift/reduce conflict (shift 55, reduce 60) on EQ
98: shift/reduce conflict (shift 56, reduce 60) on NEQ
98: shift/reduce conflict (shift 57, reduce 60) on LT
98: shift/reduce conflict (shift 58, reduce 60) on GT
98: shift/reduce conflict (shift 59, reduce 60) on ASSIGN
98: shift/reduce conflict (shift 60, reduce 60) on GEQ
98: shift/reduce conflict (shift 61, reduce 60) on PLUS
98: shift/reduce conflict (shift 62, reduce 60) on MINUS
98: shift/reduce conflict (shift 63, reduce 60) on TIMES
98: shift/reduce conflict (shift 64, reduce 60) on DIVI
98: shift/reduce conflict (shift 65, reduce 60) on AND
98: shift/reduce conflict (shift 66, reduce 60) on OR
98: shift/reduce conflict (shift 67, reduce 60) on XOR
state 98
	expr : expr . PLUS expr  (47)
	expr : expr . MINUS expr  (49)
	expr : expr . TIMES expr  (50)
	expr : expr . DIVI expr  (51)
	expr : expr . EQ expr  (52)
	expr : expr . LT expr  (53)
	expr : expr . GT expr  (54)
	expr : expr . ASSIGN expr  (55)
	expr : expr . GEQ expr  (56)
	expr : expr . NEQ expr  (57)
	expr : expr . AND expr  (58)
	expr : expr . OR expr  (59)
	expr : expr . XOR expr  (60)
	expr : expr XOR expr .  (60)

	EQ  shift 55
	NEQ  shift 56
	LT  shift 57
	GT  shift 58
	ASSIGN  shift 59
	GEQ  shift 60
	PLUS  shift 61
	MINUS  shift 62
	TIMES  shift 63
	DIVI  shift 64
	AND  shift 65
	OR  shift 66
	XOR  shift 67
	DO  reduce 60
	THEN  reduce 60
	ELSE  reduce 60
	WITH  reduce 60
	EOI  reduce 60
	SEP1  reduce 60
	SEP2  reduce 60
	RPAREN  reduce 60
	RBRAK  reduce 60
	TO  reduce 60
	DOWNTO  reduce 60


state 99
	section : name SEP1 S_FUN BEGIN instructions . END  (5)

	END  shift 116
	.  error


state 100
	instructions : instruction . EOI  (42)
	instructions : instruction . EOI instructions  (43)

	EOI  shift 117
	.  error


state 101
	section : name SEP1 S_FUN LPAREN expr . RPAREN BEGIN instructions END  (6)
	expr : expr . PLUS expr  (47)
	expr : expr . MINUS expr  (49)
	expr : expr . TIMES expr  (50)
	expr : expr . DIVI expr  (51)
	expr : expr . EQ expr  (52)
	expr : expr . LT expr  (53)
	expr : expr . GT expr  (54)
	expr : expr . ASSIGN expr  (55)
	expr : expr . GEQ expr  (56)
	expr : expr . NEQ expr  (57)
	expr : expr . AND expr  (58)
	expr : expr . OR expr  (59)
	expr : expr . XOR expr  (60)

	RPAREN  shift 118
	EQ  shift 55
	NEQ  shift 56
	LT  shift 57
	GT  shift 58
	ASSIGN  shift 59
	GEQ  shift 60
	PLUS  shift 61
	MINUS  shift 62
	TIMES  shift 63
	DIVI  shift 64
	AND  shift 65
	OR  shift 66
	XOR  shift 67
	.  error


state 102
	control_expr : FOREACH VAR IDENT IN . VAR IDENT DO block_instr  (24)
	control_expr : FOREACH VAR IDENT IN . name LPAREN VAR IDENT RPAREN DO block_instr  (25)
	instruction : FOREACH VAR IDENT IN . VAR IDENT DO block_instr  (46)

	IDENT  shift 3
	VAR  shift 119
	.  error

	name  goto 120


103: shift/reduce conflict (shift 59, reduce 52) on ASSIGN
103: shift/reduce conflict (shift 67, reduce 52) on XOR
state 103
	expr : expr . PLUS expr  (47)
	expr : expr . MINUS expr  (49)
	expr : expr . TIMES expr  (50)
	expr : expr . DIVI expr  (51)
	expr : expr . EQ expr  (52)
	expr : expr EQ expr .  (52)
	expr : expr . LT expr  (53)
	expr : expr . GT expr  (54)
	expr : expr . ASSIGN expr  (55)
	expr : expr . GEQ expr  (56)
	expr : expr . NEQ expr  (57)
	expr : expr . AND expr  (58)
	expr : expr . OR expr  (59)
	expr : expr . XOR expr  (60)
	range : expr . DOWNTO expr  (64)
	range : expr . TO expr  (65)
	range : expr .  (66)

	ASSIGN  shift 59
	XOR  shift 67
	TO  shift 121
	DOWNTO  shift 122
	DO  reduce 66
	EQ  reduce 52
	NEQ  reduce 52
	LT  reduce 52
	GT  reduce 52
	GEQ  reduce 52
	PLUS  reduce 52
	MINUS  reduce 52
	TIMES  reduce 52
	DIVI  reduce 52
	AND  reduce 52
	OR  reduce 52


state 104
	control_expr : FOR expr EQ range . DO block_instr  (23)

	DO  shift 123
	.  error


state 105
	block_instr : BEGIN . instructions END  (28)

	STRING  shift 18
	IDENT  shift 3
	VALUE  shift 19
	FOREACH  shift 20
	FOR  shift 21
	IF  shift 22
	MATCH  shift 23
	VAR  shift 7
	.  error

	name  goto 25
	instructions  goto 124
	instruction  goto 100
	data_expr  goto 27
	control_expr  goto 28
	element  goto 29
	func  goto 30


state 106
	block_instr : instruction .  (27)

	.  reduce 27


107: shift/reduce conflict (shift 125, reduce 20) on ELSE
state 107
	control_expr : IF expr THEN block_instr .  (20)
	control_expr : IF expr THEN block_instr . ELSE block_instr  (21)

	ELSE  shift 125
	EOI  reduce 20


state 108
	control_expr : MATCH expr WITH BEGIN . when_list END  (22)

	WHEN  shift 126
	.  error

	when_list  goto 127
	when_expr  goto 128


state 109
	expr : expr . PLUS expr  (47)
	expr : expr . MINUS expr  (49)
	expr : expr . TIMES expr  (50)
	expr : expr . DIVI expr  (51)
	expr : expr . EQ expr  (52)
	expr : expr . LT expr  (53)
	expr : expr . GT expr  (54)
	expr : expr . ASSIGN expr  (55)
	expr : expr . GEQ expr  (56)
	expr : expr . NEQ expr  (57)
	expr : expr . AND expr  (58)
	expr : expr . OR expr  (59)
	expr : expr . XOR expr  (60)
	range : expr . DOWNTO expr  (64)
	range : expr . TO expr  (65)
	range : expr .  (66)

	EQ  shift 55
	NEQ  shift 56
	LT  shift 57
	GT  shift 58
	ASSIGN  shift 59
	GEQ  shift 60
	PLUS  shift 61
	MINUS  shift 62
	TIMES  shift 63
	DIVI  shift 64
	AND  shift 65
	OR  shift 66
	XOR  shift 67
	TO  shift 121
	DOWNTO  shift 122
	RBRAK  reduce 66


state 110
	element : name DOT LBRAK range . RBRAK  (70)

	RBRAK  shift 129
	.  error


state 111
	func : name LPAREN arg_list RPAREN .  (37)

	.  reduce 37


state 112
	arg_list : arg SEP2 . arg_list  (40)

	STRING  shift 18
	IDENT  shift 3
	VALUE  shift 19
	VAR  shift 7
	LPAREN  shift 34
	MINUS  shift 35
	.  error

	name  goto 25
	expr  goto 77
	element  goto 37
	func  goto 38
	arg_list  goto 130
	arg  goto 79


state 113
	target : name SEP1 S_TARGET BEGIN . instructions END  (13)

	STRING  shift 18
	IDENT  shift 3
	VALUE  shift 19
	FOREACH  shift 20
	FOR  shift 21
	IF  shift 22
	MATCH  shift 23
	VAR  shift 7
	.  error

	name  goto 25
	instructions  goto 131
	instruction  goto 100
	data_expr  goto 27
	control_expr  goto 28
	element  goto 29
	func  goto 30


state 114
	target : name SEP1 S_TARGET LPAREN . expr RPAREN BEGIN instructions END  (14)

	STRING  shift 18
	IDENT  shift 3
	VALUE  shift 19
	VAR  shift 7
	LPAREN  shift 34
	MINUS  shift 35
	.  error

	name  goto 25
	expr  goto 132
	element  goto 37
	func  goto 38


state 115
	section : S_TARGETS LPAREN expr RPAREN BEGIN targets . END  (8)

	END  shift 133
	.  error


state 116
	section : name SEP1 S_FUN BEGIN instructions END .  (5)

	.  reduce 5


state 117
	instructions : instruction EOI .  (42)
	instructions : instruction EOI . instructions  (43)

	STRING  shift 18
	IDENT  shift 3
	VALUE  shift 19
	FOREACH  shift 20
	FOR  shift 21
	IF  shift 22
	MATCH  shift 23
	VAR  shift 7
	WHEN  reduce 42
	END  reduce 42

	name  goto 25
	instructions  goto 134
	instruction  goto 100
	data_expr  goto 27
	control_expr  goto 28
	element  goto 29
	func  goto 30


state 118
	section : name SEP1 S_FUN LPAREN expr RPAREN . BEGIN instructions END  (6)

	BEGIN  shift 135
	.  error


state 119
	control_expr : FOREACH VAR IDENT IN VAR . IDENT DO block_instr  (24)
	name : VAR . IDENT  (36)
	instruction : FOREACH VAR IDENT IN VAR . IDENT DO block_instr  (46)

	IDENT  shift 136
	.  error


state 120
	control_expr : FOREACH VAR IDENT IN name . LPAREN VAR IDENT RPAREN DO block_instr  (25)

	LPAREN  shift 137
	.  error


state 121
	range : expr TO . expr  (65)

	STRING  shift 18
	IDENT  shift 3
	VALUE  shift 19
	VAR  shift 7
	LPAREN  shift 34
	MINUS  shift 35
	.  error

	name  goto 25
	expr  goto 138
	element  goto 37
	func  goto 38


state 122
	range : expr DOWNTO . expr  (64)

	STRING  shift 18
	IDENT  shift 3
	VALUE  shift 19
	VAR  shift 7
	LPAREN  shift 34
	MINUS  shift 35
	.  error

	name  goto 25
	expr  goto 139
	element  goto 37
	func  goto 38


state 123
	control_expr : FOR expr EQ range DO . block_instr  (23)

	STRING  shift 18
	IDENT  shift 3
	VALUE  shift 19
	FOREACH  shift 20
	FOR  shift 21
	IF  shift 22
	BEGIN  shift 105
	MATCH  shift 23
	VAR  shift 7
	.  error

	name  goto 25
	instruction  goto 106
	data_expr  goto 27
	control_expr  goto 28
	element  goto 29
	block_instr  goto 140
	func  goto 30


state 124
	block_instr : BEGIN instructions . END  (28)

	END  shift 141
	.  error


state 125
	control_expr : IF expr THEN block_instr ELSE . block_instr  (21)

	STRING  shift 18
	IDENT  shift 3
	VALUE  shift 19
	FOREACH  shift 20
	FOR  shift 21
	IF  shift 22
	BEGIN  shift 105
	MATCH  shift 23
	VAR  shift 7
	.  error

	name  goto 25
	instruction  goto 106
	data_expr  goto 27
	control_expr  goto 28
	element  goto 29
	block_instr  goto 142
	func  goto 30


state 126
	when_expr : WHEN . expr SEP1 instructions  (31)

	STRING  shift 18
	IDENT  shift 3
	VALUE  shift 19
	VAR  shift 7
	LPAREN  shift 34
	MINUS  shift 35
	.  error

	name  goto 25
	expr  goto 143
	element  goto 37
	func  goto 38


state 127
	control_expr : MATCH expr WITH BEGIN when_list . END  (22)

	END  shift 144
	.  error


state 128
	when_list : when_expr .  (29)
	when_list : when_expr . when_list  (30)

	WHEN  shift 126
	END  reduce 29

	when_list  goto 145
	when_expr  goto 128


state 129
	element : name DOT LBRAK range RBRAK .  (70)

	.  reduce 70


state 130
	arg_list : arg SEP2 arg_list .  (40)

	.  reduce 40


state 131
	target : name SEP1 S_TARGET BEGIN instructions . END  (13)

	END  shift 146
	.  error


state 132
	target : name SEP1 S_TARGET LPAREN expr . RPAREN BEGIN instructions END  (14)
	expr : expr . PLUS expr  (47)
	expr : expr . MINUS expr  (49)
	expr : expr . TIMES expr  (50)
	expr : expr . DIVI expr  (51)
	expr : expr . EQ expr  (52)
	expr : expr . LT expr  (53)
	expr : expr . GT expr  (54)
	expr : expr . ASSIGN expr  (55)
	expr : expr . GEQ expr  (56)
	expr : expr . NEQ expr  (57)
	expr : expr . AND expr  (58)
	expr : expr . OR expr  (59)
	expr : expr . XOR expr  (60)

	RPAREN  shift 147
	EQ  shift 55
	NEQ  shift 56
	LT  shift 57
	GT  shift 58
	ASSIGN  shift 59
	GEQ  shift 60
	PLUS  shift 61
	MINUS  shift 62
	TIMES  shift 63
	DIVI  shift 64
	AND  shift 65
	OR  shift 66
	XOR  shift 67
	.  error


state 133
	section : S_TARGETS LPAREN expr RPAREN BEGIN targets END .  (8)

	.  reduce 8


state 134
	instructions : instruction EOI instructions .  (43)

	.  reduce 43


state 135
	section : name SEP1 S_FUN LPAREN expr RPAREN BEGIN . instructions END  (6)

	STRING  shift 18
	IDENT  shift 3
	VALUE  shift 19
	FOREACH  shift 20
	FOR  shift 21
	IF  shift 22
	MATCH  shift 23
	VAR  shift 7
	.  error

	name  goto 25
	instructions  goto 148
	instruction  goto 100
	data_expr  goto 27
	control_expr  goto 28
	element  goto 29
	func  goto 30


state 136
	control_expr : FOREACH VAR IDENT IN VAR IDENT . DO block_instr  (24)
	name : VAR IDENT .  (36)
	instruction : FOREACH VAR IDENT IN VAR IDENT . DO block_instr  (46)

	DO  shift 149
	LPAREN  reduce 36


state 137
	control_expr : FOREACH VAR IDENT IN name LPAREN . VAR IDENT RPAREN DO block_instr  (25)

	VAR  shift 150
	.  error


state 138
	expr : expr . PLUS expr  (47)
	expr : expr . MINUS expr  (49)
	expr : expr . TIMES expr  (50)
	expr : expr . DIVI expr  (51)
	expr : expr . EQ expr  (52)
	expr : expr . LT expr  (53)
	expr : expr . GT expr  (54)
	expr : expr . ASSIGN expr  (55)
	expr : expr . GEQ expr  (56)
	expr : expr . NEQ expr  (57)
	expr : expr . AND expr  (58)
	expr : expr . OR expr  (59)
	expr : expr . XOR expr  (60)
	range : expr TO expr .  (65)

	EQ  shift 55
	NEQ  shift 56
	LT  shift 57
	GT  shift 58
	ASSIGN  shift 59
	GEQ  shift 60
	PLUS  shift 61
	MINUS  shift 62
	TIMES  shift 63
	DIVI  shift 64
	AND  shift 65
	OR  shift 66
	XOR  shift 67
	DO  reduce 65
	RBRAK  reduce 65


state 139
	expr : expr . PLUS expr  (47)
	expr : expr . MINUS expr  (49)
	expr : expr . TIMES expr  (50)
	expr : expr . DIVI expr  (51)
	expr : expr . EQ expr  (52)
	expr : expr . LT expr  (53)
	expr : expr . GT expr  (54)
	expr : expr . ASSIGN expr  (55)
	expr : expr . GEQ expr  (56)
	expr : expr . NEQ expr  (57)
	expr : expr . AND expr  (58)
	expr : expr . OR expr  (59)
	expr : expr . XOR expr  (60)
	range : expr DOWNTO expr .  (64)

	EQ  shift 55
	NEQ  shift 56
	LT  shift 57
	GT  shift 58
	ASSIGN  shift 59
	GEQ  shift 60
	PLUS  shift 61
	MINUS  shift 62
	TIMES  shift 63
	DIVI  shift 64
	AND  shift 65
	OR  shift 66
	XOR  shift 67
	DO  reduce 64
	RBRAK  reduce 64


state 140
	control_expr : FOR expr EQ range DO block_instr .  (23)

	.  reduce 23


state 141
	block_instr : BEGIN instructions END .  (28)

	.  reduce 28


state 142
	control_expr : IF expr THEN block_instr ELSE block_instr .  (21)

	.  reduce 21


state 143
	when_expr : WHEN expr . SEP1 instructions  (31)
	expr : expr . PLUS expr  (47)
	expr : expr . MINUS expr  (49)
	expr : expr . TIMES expr  (50)
	expr : expr . DIVI expr  (51)
	expr : expr . EQ expr  (52)
	expr : expr . LT expr  (53)
	expr : expr . GT expr  (54)
	expr : expr . ASSIGN expr  (55)
	expr : expr . GEQ expr  (56)
	expr : expr . NEQ expr  (57)
	expr : expr . AND expr  (58)
	expr : expr . OR expr  (59)
	expr : expr . XOR expr  (60)

	SEP1  shift 151
	EQ  shift 55
	NEQ  shift 56
	LT  shift 57
	GT  shift 58
	ASSIGN  shift 59
	GEQ  shift 60
	PLUS  shift 61
	MINUS  shift 62
	TIMES  shift 63
	DIVI  shift 64
	AND  shift 65
	OR  shift 66
	XOR  shift 67
	.  error


state 144
	control_expr : MATCH expr WITH BEGIN when_list END .  (22)

	.  reduce 22


state 145
	when_list : when_expr when_list .  (30)

	.  reduce 30


state 146
	target : name SEP1 S_TARGET BEGIN instructions END .  (13)

	.  reduce 13


state 147
	target : name SEP1 S_TARGET LPAREN expr RPAREN . BEGIN instructions END  (14)

	BEGIN  shift 152
	.  error


state 148
	section : name SEP1 S_FUN LPAREN expr RPAREN BEGIN instructions . END  (6)

	END  shift 153
	.  error


state 149
	control_expr : FOREACH VAR IDENT IN VAR IDENT DO . block_instr  (24)
	instruction : FOREACH VAR IDENT IN VAR IDENT DO . block_instr  (46)

	STRING  shift 18
	IDENT  shift 3
	VALUE  shift 19
	FOREACH  shift 20
	FOR  shift 21
	IF  shift 22
	BEGIN  shift 105
	MATCH  shift 23
	VAR  shift 7
	.  error

	name  goto 25
	instruction  goto 106
	data_expr  goto 27
	control_expr  goto 28
	element  goto 29
	block_instr  goto 154
	func  goto 30


state 150
	control_expr : FOREACH VAR IDENT IN name LPAREN VAR . IDENT RPAREN DO block_instr  (25)

	IDENT  shift 155
	.  error


state 151
	when_expr : WHEN expr SEP1 . instructions  (31)

	STRING  shift 18
	IDENT  shift 3
	VALUE  shift 19
	FOREACH  shift 20
	FOR  shift 21
	IF  shift 22
	MATCH  shift 23
	VAR  shift 7
	.  error

	name  goto 25
	instructions  goto 156
	instruction  goto 100
	data_expr  goto 27
	control_expr  goto 28
	element  goto 29
	func  goto 30


state 152
	target : name SEP1 S_TARGET LPAREN expr RPAREN BEGIN . instructions END  (14)

	STRING  shift 18
	IDENT  shift 3
	VALUE  shift 19
	FOREACH  shift 20
	FOR  shift 21
	IF  shift 22
	MATCH  shift 23
	VAR  shift 7
	.  error

	name  goto 25
	instructions  goto 157
	instruction  goto 100
	data_expr  goto 27
	control_expr  goto 28
	element  goto 29
	func  goto 30


state 153
	section : name SEP1 S_FUN LPAREN expr RPAREN BEGIN instructions END .  (6)

	.  reduce 6


154: reduce/reduce conflict (reduce 24, reduce 46) on ELSE
154: reduce/reduce conflict (reduce 24, reduce 46) on EOI
state 154
	control_expr : FOREACH VAR IDENT IN VAR IDENT DO block_instr .  (24)
	instruction : FOREACH VAR IDENT IN VAR IDENT DO block_instr .  (46)

	.  reduce 24


state 155
	control_expr : FOREACH VAR IDENT IN name LPAREN VAR IDENT . RPAREN DO block_instr  (25)

	RPAREN  shift 158
	.  error


state 156
	when_expr : WHEN expr SEP1 instructions .  (31)

	.  reduce 31


state 157
	target : name SEP1 S_TARGET LPAREN expr RPAREN BEGIN instructions . END  (14)

	END  shift 159
	.  error


state 158
	control_expr : FOREACH VAR IDENT IN name LPAREN VAR IDENT RPAREN . DO block_instr  (25)

	DO  shift 160
	.  error


state 159
	target : name SEP1 S_TARGET LPAREN expr RPAREN BEGIN instructions END .  (14)

	.  reduce 14


state 160
	control_expr : FOREACH VAR IDENT IN name LPAREN VAR IDENT RPAREN DO . block_instr  (25)

	STRING  shift 18
	IDENT  shift 3
	VALUE  shift 19
	FOREACH  shift 20
	FOR  shift 21
	IF  shift 22
	BEGIN  shift 105
	MATCH  shift 23
	VAR  shift 7
	.  error

	name  goto 25
	instruction  goto 106
	data_expr  goto 27
	control_expr  goto 28
	element  goto 29
	block_instr  goto 161
	func  goto 30


state 161
	control_expr : FOREACH VAR IDENT IN name LPAREN VAR IDENT RPAREN DO block_instr .  (25)

	.  reduce 25


Rules never reduced:
	section : S_TARGETS BEGIN targets END  (7)
	data_exprs : data_expr EOI  (15)
	data_exprs : data_expr EOI data_exprs  (16)
	control_exprs : control_expr EOI  (17)
	control_exprs : control_expr EOI control_exprs  (18)
	var_name : VAR IDENT  (32)
	name_list : name  (33)
	name_list : name SEP2 name_list  (34)
	instruction : FOREACH VAR IDENT IN VAR IDENT DO block_instr  (46)


State 49 contains 1 reduce/reduce conflict.
State 53 contains 2 shift/reduce conflicts.
State 86 contains 2 shift/reduce conflicts.
State 87 contains 2 shift/reduce conflicts.
State 88 contains 2 shift/reduce conflicts.
State 89 contains 2 shift/reduce conflicts.
State 90 contains 13 shift/reduce conflicts.
State 91 contains 2 shift/reduce conflicts.
State 92 contains 2 shift/reduce conflicts.
State 93 contains 2 shift/reduce conflicts.
State 94 contains 2 shift/reduce conflicts.
State 95 contains 2 shift/reduce conflicts.
State 96 contains 2 shift/reduce conflicts.
State 97 contains 2 shift/reduce conflicts.
State 98 contains 13 shift/reduce conflicts.
State 103 contains 2 shift/reduce conflicts.
State 107 contains 1 shift/reduce conflict.
State 154 contains 2 reduce/reduce conflicts.


53 terminals, 25 nonterminals
73 grammar rules, 162 states
